The system is: Linux - 4.4.0-79-generic - x86_64
Compiling the C compiler identification source file "CMakeCCompilerId.c" succeeded.
Compiler: /usr/bin/cc 
Build flags: 
Id flags: 

The output was:
0


Compilation of the C compiler identification source "CMakeCCompilerId.c" produced "a.out"

The C compiler identification is GNU, found in "/home/tapgar/eigen/build/CMakeFiles/3.5.1/CompilerIdC/a.out"

Compiling the CXX compiler identification source file "CMakeCXXCompilerId.cpp" succeeded.
Compiler: /usr/bin/c++ 
Build flags: 
Id flags: 

The output was:
0


Compilation of the CXX compiler identification source "CMakeCXXCompilerId.cpp" produced "a.out"

The CXX compiler identification is GNU, found in "/home/tapgar/eigen/build/CMakeFiles/3.5.1/CompilerIdCXX/a.out"

Determining if the C compiler works passed with the following output:
Change Dir: /home/tapgar/eigen/build/CMakeFiles/CMakeTmp

Run Build Command:"/usr/bin/make" "cmTC_e28b1/fast"
/usr/bin/make -f CMakeFiles/cmTC_e28b1.dir/build.make CMakeFiles/cmTC_e28b1.dir/build
make[1]: Entering directory '/home/tapgar/eigen/build/CMakeFiles/CMakeTmp'
Building C object CMakeFiles/cmTC_e28b1.dir/testCCompiler.c.o
/usr/bin/cc     -o CMakeFiles/cmTC_e28b1.dir/testCCompiler.c.o   -c /home/tapgar/eigen/build/CMakeFiles/CMakeTmp/testCCompiler.c
Linking C executable cmTC_e28b1
/usr/bin/cmake -E cmake_link_script CMakeFiles/cmTC_e28b1.dir/link.txt --verbose=1
/usr/bin/cc       CMakeFiles/cmTC_e28b1.dir/testCCompiler.c.o  -o cmTC_e28b1 -rdynamic 
make[1]: Leaving directory '/home/tapgar/eigen/build/CMakeFiles/CMakeTmp'


Detecting C compiler ABI info compiled with the following output:
Change Dir: /home/tapgar/eigen/build/CMakeFiles/CMakeTmp

Run Build Command:"/usr/bin/make" "cmTC_94c42/fast"
/usr/bin/make -f CMakeFiles/cmTC_94c42.dir/build.make CMakeFiles/cmTC_94c42.dir/build
make[1]: Entering directory '/home/tapgar/eigen/build/CMakeFiles/CMakeTmp'
Building C object CMakeFiles/cmTC_94c42.dir/CMakeCCompilerABI.c.o
/usr/bin/cc     -o CMakeFiles/cmTC_94c42.dir/CMakeCCompilerABI.c.o   -c /usr/share/cmake-3.5/Modules/CMakeCCompilerABI.c
Linking C executable cmTC_94c42
/usr/bin/cmake -E cmake_link_script CMakeFiles/cmTC_94c42.dir/link.txt --verbose=1
/usr/bin/cc      -v CMakeFiles/cmTC_94c42.dir/CMakeCCompilerABI.c.o  -o cmTC_94c42 -rdynamic  
Using built-in specs.
COLLECT_GCC=/usr/bin/cc
COLLECT_LTO_WRAPPER=/usr/lib/gcc/x86_64-linux-gnu/4.9/lto-wrapper
Target: x86_64-linux-gnu
Configured with: ../src/configure -v --with-pkgversion='Ubuntu 4.9.3-13ubuntu2' --with-bugurl=file:///usr/share/doc/gcc-4.9/README.Bugs --enable-languages=c,c++,java,go,d,fortran,objc,obj-c++ --prefix=/usr --program-suffix=-4.9 --enable-shared --enable-linker-build-id --libexecdir=/usr/lib --without-included-gettext --enable-threads=posix --with-gxx-include-dir=/usr/include/c++/4.9 --libdir=/usr/lib --enable-nls --with-sysroot=/ --enable-clocale=gnu --enable-libstdcxx-debug --enable-libstdcxx-time=yes --enable-gnu-unique-object --disable-vtable-verify --enable-plugin --with-system-zlib --disable-browser-plugin --enable-java-awt=gtk --enable-gtk-cairo --with-java-home=/usr/lib/jvm/java-1.5.0-gcj-4.9-amd64/jre --enable-java-home --with-jvm-root-dir=/usr/lib/jvm/java-1.5.0-gcj-4.9-amd64 --with-jvm-jar-dir=/usr/lib/jvm-exports/java-1.5.0-gcj-4.9-amd64 --with-arch-directory=amd64 --with-ecj-jar=/usr/share/java/eclipse-ecj.jar --enable-objc-gc --enable-multiarch --disable-werror --with-arch-32=i686 --with-abi=m64 --with-multilib-list=m32,m64,mx32 --enable-multilib --with-tune=generic --enable-checking=release --build=x86_64-linux-gnu --host=x86_64-linux-gnu --target=x86_64-linux-gnu
Thread model: posix
gcc version 4.9.3 (Ubuntu 4.9.3-13ubuntu2) 
COMPILER_PATH=/usr/lib/gcc/x86_64-linux-gnu/4.9/:/usr/lib/gcc/x86_64-linux-gnu/4.9/:/usr/lib/gcc/x86_64-linux-gnu/:/usr/lib/gcc/x86_64-linux-gnu/4.9/:/usr/lib/gcc/x86_64-linux-gnu/
LIBRARY_PATH=/usr/lib/gcc/x86_64-linux-gnu/4.9/:/usr/lib/gcc/x86_64-linux-gnu/4.9/../../../x86_64-linux-gnu/:/usr/lib/gcc/x86_64-linux-gnu/4.9/../../../../lib/:/lib/x86_64-linux-gnu/:/lib/../lib/:/usr/lib/x86_64-linux-gnu/:/usr/lib/../lib/:/usr/lib/gcc/x86_64-linux-gnu/4.9/../../../:/lib/:/usr/lib/
COLLECT_GCC_OPTIONS='-v' '-o' 'cmTC_94c42' '-rdynamic' '-mtune=generic' '-march=x86-64'
 /usr/lib/gcc/x86_64-linux-gnu/4.9/collect2 -plugin /usr/lib/gcc/x86_64-linux-gnu/4.9/liblto_plugin.so -plugin-opt=/usr/lib/gcc/x86_64-linux-gnu/4.9/lto-wrapper -plugin-opt=-fresolution=/tmp/ccXQKH2W.res -plugin-opt=-pass-through=-lgcc -plugin-opt=-pass-through=-lgcc_s -plugin-opt=-pass-through=-lc -plugin-opt=-pass-through=-lgcc -plugin-opt=-pass-through=-lgcc_s --sysroot=/ --build-id --eh-frame-hdr -m elf_x86_64 --hash-style=gnu --as-needed -export-dynamic -dynamic-linker /lib64/ld-linux-x86-64.so.2 -z relro -o cmTC_94c42 /usr/lib/gcc/x86_64-linux-gnu/4.9/../../../x86_64-linux-gnu/crt1.o /usr/lib/gcc/x86_64-linux-gnu/4.9/../../../x86_64-linux-gnu/crti.o /usr/lib/gcc/x86_64-linux-gnu/4.9/crtbegin.o -L/usr/lib/gcc/x86_64-linux-gnu/4.9 -L/usr/lib/gcc/x86_64-linux-gnu/4.9/../../../x86_64-linux-gnu -L/usr/lib/gcc/x86_64-linux-gnu/4.9/../../../../lib -L/lib/x86_64-linux-gnu -L/lib/../lib -L/usr/lib/x86_64-linux-gnu -L/usr/lib/../lib -L/usr/lib/gcc/x86_64-linux-gnu/4.9/../../.. CMakeFiles/cmTC_94c42.dir/CMakeCCompilerABI.c.o -lgcc --as-needed -lgcc_s --no-as-needed -lc -lgcc --as-needed -lgcc_s --no-as-needed /usr/lib/gcc/x86_64-linux-gnu/4.9/crtend.o /usr/lib/gcc/x86_64-linux-gnu/4.9/../../../x86_64-linux-gnu/crtn.o
make[1]: Leaving directory '/home/tapgar/eigen/build/CMakeFiles/CMakeTmp'


Parsed C implicit link information from above output:
  link line regex: [^( *|.*[/\])(ld|([^/\]+-)?ld|collect2)[^/\]*( |$)]
  ignore line: [Change Dir: /home/tapgar/eigen/build/CMakeFiles/CMakeTmp]
  ignore line: []
  ignore line: [Run Build Command:"/usr/bin/make" "cmTC_94c42/fast"]
  ignore line: [/usr/bin/make -f CMakeFiles/cmTC_94c42.dir/build.make CMakeFiles/cmTC_94c42.dir/build]
  ignore line: [make[1]: Entering directory '/home/tapgar/eigen/build/CMakeFiles/CMakeTmp']
  ignore line: [Building C object CMakeFiles/cmTC_94c42.dir/CMakeCCompilerABI.c.o]
  ignore line: [/usr/bin/cc     -o CMakeFiles/cmTC_94c42.dir/CMakeCCompilerABI.c.o   -c /usr/share/cmake-3.5/Modules/CMakeCCompilerABI.c]
  ignore line: [Linking C executable cmTC_94c42]
  ignore line: [/usr/bin/cmake -E cmake_link_script CMakeFiles/cmTC_94c42.dir/link.txt --verbose=1]
  ignore line: [/usr/bin/cc      -v CMakeFiles/cmTC_94c42.dir/CMakeCCompilerABI.c.o  -o cmTC_94c42 -rdynamic  ]
  ignore line: [Using built-in specs.]
  ignore line: [COLLECT_GCC=/usr/bin/cc]
  ignore line: [COLLECT_LTO_WRAPPER=/usr/lib/gcc/x86_64-linux-gnu/4.9/lto-wrapper]
  ignore line: [Target: x86_64-linux-gnu]
  ignore line: [Configured with: ../src/configure -v --with-pkgversion='Ubuntu 4.9.3-13ubuntu2' --with-bugurl=file:///usr/share/doc/gcc-4.9/README.Bugs --enable-languages=c,c++,java,go,d,fortran,objc,obj-c++ --prefix=/usr --program-suffix=-4.9 --enable-shared --enable-linker-build-id --libexecdir=/usr/lib --without-included-gettext --enable-threads=posix --with-gxx-include-dir=/usr/include/c++/4.9 --libdir=/usr/lib --enable-nls --with-sysroot=/ --enable-clocale=gnu --enable-libstdcxx-debug --enable-libstdcxx-time=yes --enable-gnu-unique-object --disable-vtable-verify --enable-plugin --with-system-zlib --disable-browser-plugin --enable-java-awt=gtk --enable-gtk-cairo --with-java-home=/usr/lib/jvm/java-1.5.0-gcj-4.9-amd64/jre --enable-java-home --with-jvm-root-dir=/usr/lib/jvm/java-1.5.0-gcj-4.9-amd64 --with-jvm-jar-dir=/usr/lib/jvm-exports/java-1.5.0-gcj-4.9-amd64 --with-arch-directory=amd64 --with-ecj-jar=/usr/share/java/eclipse-ecj.jar --enable-objc-gc --enable-multiarch --disable-werror --with-arch-32=i686 --with-abi=m64 --with-multilib-list=m32,m64,mx32 --enable-multilib --with-tune=generic --enable-checking=release --build=x86_64-linux-gnu --host=x86_64-linux-gnu --target=x86_64-linux-gnu]
  ignore line: [Thread model: posix]
  ignore line: [gcc version 4.9.3 (Ubuntu 4.9.3-13ubuntu2) ]
  ignore line: [COMPILER_PATH=/usr/lib/gcc/x86_64-linux-gnu/4.9/:/usr/lib/gcc/x86_64-linux-gnu/4.9/:/usr/lib/gcc/x86_64-linux-gnu/:/usr/lib/gcc/x86_64-linux-gnu/4.9/:/usr/lib/gcc/x86_64-linux-gnu/]
  ignore line: [LIBRARY_PATH=/usr/lib/gcc/x86_64-linux-gnu/4.9/:/usr/lib/gcc/x86_64-linux-gnu/4.9/../../../x86_64-linux-gnu/:/usr/lib/gcc/x86_64-linux-gnu/4.9/../../../../lib/:/lib/x86_64-linux-gnu/:/lib/../lib/:/usr/lib/x86_64-linux-gnu/:/usr/lib/../lib/:/usr/lib/gcc/x86_64-linux-gnu/4.9/../../../:/lib/:/usr/lib/]
  ignore line: [COLLECT_GCC_OPTIONS='-v' '-o' 'cmTC_94c42' '-rdynamic' '-mtune=generic' '-march=x86-64']
  link line: [ /usr/lib/gcc/x86_64-linux-gnu/4.9/collect2 -plugin /usr/lib/gcc/x86_64-linux-gnu/4.9/liblto_plugin.so -plugin-opt=/usr/lib/gcc/x86_64-linux-gnu/4.9/lto-wrapper -plugin-opt=-fresolution=/tmp/ccXQKH2W.res -plugin-opt=-pass-through=-lgcc -plugin-opt=-pass-through=-lgcc_s -plugin-opt=-pass-through=-lc -plugin-opt=-pass-through=-lgcc -plugin-opt=-pass-through=-lgcc_s --sysroot=/ --build-id --eh-frame-hdr -m elf_x86_64 --hash-style=gnu --as-needed -export-dynamic -dynamic-linker /lib64/ld-linux-x86-64.so.2 -z relro -o cmTC_94c42 /usr/lib/gcc/x86_64-linux-gnu/4.9/../../../x86_64-linux-gnu/crt1.o /usr/lib/gcc/x86_64-linux-gnu/4.9/../../../x86_64-linux-gnu/crti.o /usr/lib/gcc/x86_64-linux-gnu/4.9/crtbegin.o -L/usr/lib/gcc/x86_64-linux-gnu/4.9 -L/usr/lib/gcc/x86_64-linux-gnu/4.9/../../../x86_64-linux-gnu -L/usr/lib/gcc/x86_64-linux-gnu/4.9/../../../../lib -L/lib/x86_64-linux-gnu -L/lib/../lib -L/usr/lib/x86_64-linux-gnu -L/usr/lib/../lib -L/usr/lib/gcc/x86_64-linux-gnu/4.9/../../.. CMakeFiles/cmTC_94c42.dir/CMakeCCompilerABI.c.o -lgcc --as-needed -lgcc_s --no-as-needed -lc -lgcc --as-needed -lgcc_s --no-as-needed /usr/lib/gcc/x86_64-linux-gnu/4.9/crtend.o /usr/lib/gcc/x86_64-linux-gnu/4.9/../../../x86_64-linux-gnu/crtn.o]
    arg [/usr/lib/gcc/x86_64-linux-gnu/4.9/collect2] ==> ignore
    arg [-plugin] ==> ignore
    arg [/usr/lib/gcc/x86_64-linux-gnu/4.9/liblto_plugin.so] ==> ignore
    arg [-plugin-opt=/usr/lib/gcc/x86_64-linux-gnu/4.9/lto-wrapper] ==> ignore
    arg [-plugin-opt=-fresolution=/tmp/ccXQKH2W.res] ==> ignore
    arg [-plugin-opt=-pass-through=-lgcc] ==> ignore
    arg [-plugin-opt=-pass-through=-lgcc_s] ==> ignore
    arg [-plugin-opt=-pass-through=-lc] ==> ignore
    arg [-plugin-opt=-pass-through=-lgcc] ==> ignore
    arg [-plugin-opt=-pass-through=-lgcc_s] ==> ignore
    arg [--sysroot=/] ==> ignore
    arg [--build-id] ==> ignore
    arg [--eh-frame-hdr] ==> ignore
    arg [-m] ==> ignore
    arg [elf_x86_64] ==> ignore
    arg [--hash-style=gnu] ==> ignore
    arg [--as-needed] ==> ignore
    arg [-export-dynamic] ==> ignore
    arg [-dynamic-linker] ==> ignore
    arg [/lib64/ld-linux-x86-64.so.2] ==> ignore
    arg [-zrelro] ==> ignore
    arg [-o] ==> ignore
    arg [cmTC_94c42] ==> ignore
    arg [/usr/lib/gcc/x86_64-linux-gnu/4.9/../../../x86_64-linux-gnu/crt1.o] ==> ignore
    arg [/usr/lib/gcc/x86_64-linux-gnu/4.9/../../../x86_64-linux-gnu/crti.o] ==> ignore
    arg [/usr/lib/gcc/x86_64-linux-gnu/4.9/crtbegin.o] ==> ignore
    arg [-L/usr/lib/gcc/x86_64-linux-gnu/4.9] ==> dir [/usr/lib/gcc/x86_64-linux-gnu/4.9]
    arg [-L/usr/lib/gcc/x86_64-linux-gnu/4.9/../../../x86_64-linux-gnu] ==> dir [/usr/lib/gcc/x86_64-linux-gnu/4.9/../../../x86_64-linux-gnu]
    arg [-L/usr/lib/gcc/x86_64-linux-gnu/4.9/../../../../lib] ==> dir [/usr/lib/gcc/x86_64-linux-gnu/4.9/../../../../lib]
    arg [-L/lib/x86_64-linux-gnu] ==> dir [/lib/x86_64-linux-gnu]
    arg [-L/lib/../lib] ==> dir [/lib/../lib]
    arg [-L/usr/lib/x86_64-linux-gnu] ==> dir [/usr/lib/x86_64-linux-gnu]
    arg [-L/usr/lib/../lib] ==> dir [/usr/lib/../lib]
    arg [-L/usr/lib/gcc/x86_64-linux-gnu/4.9/../../..] ==> dir [/usr/lib/gcc/x86_64-linux-gnu/4.9/../../..]
    arg [CMakeFiles/cmTC_94c42.dir/CMakeCCompilerABI.c.o] ==> ignore
    arg [-lgcc] ==> lib [gcc]
    arg [--as-needed] ==> ignore
    arg [-lgcc_s] ==> lib [gcc_s]
    arg [--no-as-needed] ==> ignore
    arg [-lc] ==> lib [c]
    arg [-lgcc] ==> lib [gcc]
    arg [--as-needed] ==> ignore
    arg [-lgcc_s] ==> lib [gcc_s]
    arg [--no-as-needed] ==> ignore
    arg [/usr/lib/gcc/x86_64-linux-gnu/4.9/crtend.o] ==> ignore
    arg [/usr/lib/gcc/x86_64-linux-gnu/4.9/../../../x86_64-linux-gnu/crtn.o] ==> ignore
  remove lib [gcc]
  remove lib [gcc_s]
  remove lib [gcc]
  remove lib [gcc_s]
  collapse library dir [/usr/lib/gcc/x86_64-linux-gnu/4.9] ==> [/usr/lib/gcc/x86_64-linux-gnu/4.9]
  collapse library dir [/usr/lib/gcc/x86_64-linux-gnu/4.9/../../../x86_64-linux-gnu] ==> [/usr/lib/x86_64-linux-gnu]
  collapse library dir [/usr/lib/gcc/x86_64-linux-gnu/4.9/../../../../lib] ==> [/usr/lib]
  collapse library dir [/lib/x86_64-linux-gnu] ==> [/lib/x86_64-linux-gnu]
  collapse library dir [/lib/../lib] ==> [/lib]
  collapse library dir [/usr/lib/x86_64-linux-gnu] ==> [/usr/lib/x86_64-linux-gnu]
  collapse library dir [/usr/lib/../lib] ==> [/usr/lib]
  collapse library dir [/usr/lib/gcc/x86_64-linux-gnu/4.9/../../..] ==> [/usr/lib]
  implicit libs: [c]
  implicit dirs: [/usr/lib/gcc/x86_64-linux-gnu/4.9;/usr/lib/x86_64-linux-gnu;/usr/lib;/lib/x86_64-linux-gnu;/lib]
  implicit fwks: []




Detecting C [-std=c11] compiler features compiled with the following output:
Change Dir: /home/tapgar/eigen/build/CMakeFiles/CMakeTmp

Run Build Command:"/usr/bin/make" "cmTC_0d4c2/fast"
/usr/bin/make -f CMakeFiles/cmTC_0d4c2.dir/build.make CMakeFiles/cmTC_0d4c2.dir/build
make[1]: Entering directory '/home/tapgar/eigen/build/CMakeFiles/CMakeTmp'
Building C object CMakeFiles/cmTC_0d4c2.dir/feature_tests.c.o
/usr/bin/cc    -std=c11 -o CMakeFiles/cmTC_0d4c2.dir/feature_tests.c.o   -c /home/tapgar/eigen/build/CMakeFiles/feature_tests.c
Linking C executable cmTC_0d4c2
/usr/bin/cmake -E cmake_link_script CMakeFiles/cmTC_0d4c2.dir/link.txt --verbose=1
/usr/bin/cc       CMakeFiles/cmTC_0d4c2.dir/feature_tests.c.o  -o cmTC_0d4c2 -rdynamic 
make[1]: Leaving directory '/home/tapgar/eigen/build/CMakeFiles/CMakeTmp'


    Feature record: C_FEATURE:1c_function_prototypes
    Feature record: C_FEATURE:1c_restrict
    Feature record: C_FEATURE:1c_static_assert
    Feature record: C_FEATURE:1c_variadic_macros


Detecting C [-std=c99] compiler features compiled with the following output:
Change Dir: /home/tapgar/eigen/build/CMakeFiles/CMakeTmp

Run Build Command:"/usr/bin/make" "cmTC_e85f6/fast"
/usr/bin/make -f CMakeFiles/cmTC_e85f6.dir/build.make CMakeFiles/cmTC_e85f6.dir/build
make[1]: Entering directory '/home/tapgar/eigen/build/CMakeFiles/CMakeTmp'
Building C object CMakeFiles/cmTC_e85f6.dir/feature_tests.c.o
/usr/bin/cc    -std=c99 -o CMakeFiles/cmTC_e85f6.dir/feature_tests.c.o   -c /home/tapgar/eigen/build/CMakeFiles/feature_tests.c
Linking C executable cmTC_e85f6
/usr/bin/cmake -E cmake_link_script CMakeFiles/cmTC_e85f6.dir/link.txt --verbose=1
/usr/bin/cc       CMakeFiles/cmTC_e85f6.dir/feature_tests.c.o  -o cmTC_e85f6 -rdynamic 
make[1]: Leaving directory '/home/tapgar/eigen/build/CMakeFiles/CMakeTmp'


    Feature record: C_FEATURE:1c_function_prototypes
    Feature record: C_FEATURE:1c_restrict
    Feature record: C_FEATURE:0c_static_assert
    Feature record: C_FEATURE:1c_variadic_macros


Detecting C [-std=c90] compiler features compiled with the following output:
Change Dir: /home/tapgar/eigen/build/CMakeFiles/CMakeTmp

Run Build Command:"/usr/bin/make" "cmTC_9e3b2/fast"
/usr/bin/make -f CMakeFiles/cmTC_9e3b2.dir/build.make CMakeFiles/cmTC_9e3b2.dir/build
make[1]: Entering directory '/home/tapgar/eigen/build/CMakeFiles/CMakeTmp'
Building C object CMakeFiles/cmTC_9e3b2.dir/feature_tests.c.o
/usr/bin/cc    -std=c90 -o CMakeFiles/cmTC_9e3b2.dir/feature_tests.c.o   -c /home/tapgar/eigen/build/CMakeFiles/feature_tests.c
Linking C executable cmTC_9e3b2
/usr/bin/cmake -E cmake_link_script CMakeFiles/cmTC_9e3b2.dir/link.txt --verbose=1
/usr/bin/cc       CMakeFiles/cmTC_9e3b2.dir/feature_tests.c.o  -o cmTC_9e3b2 -rdynamic 
make[1]: Leaving directory '/home/tapgar/eigen/build/CMakeFiles/CMakeTmp'


    Feature record: C_FEATURE:1c_function_prototypes
    Feature record: C_FEATURE:0c_restrict
    Feature record: C_FEATURE:0c_static_assert
    Feature record: C_FEATURE:0c_variadic_macros
Determining if the CXX compiler works passed with the following output:
Change Dir: /home/tapgar/eigen/build/CMakeFiles/CMakeTmp

Run Build Command:"/usr/bin/make" "cmTC_85367/fast"
/usr/bin/make -f CMakeFiles/cmTC_85367.dir/build.make CMakeFiles/cmTC_85367.dir/build
make[1]: Entering directory '/home/tapgar/eigen/build/CMakeFiles/CMakeTmp'
Building CXX object CMakeFiles/cmTC_85367.dir/testCXXCompiler.cxx.o
/usr/bin/c++      -o CMakeFiles/cmTC_85367.dir/testCXXCompiler.cxx.o -c /home/tapgar/eigen/build/CMakeFiles/CMakeTmp/testCXXCompiler.cxx
Linking CXX executable cmTC_85367
/usr/bin/cmake -E cmake_link_script CMakeFiles/cmTC_85367.dir/link.txt --verbose=1
/usr/bin/c++        CMakeFiles/cmTC_85367.dir/testCXXCompiler.cxx.o  -o cmTC_85367 -rdynamic 
make[1]: Leaving directory '/home/tapgar/eigen/build/CMakeFiles/CMakeTmp'


Detecting CXX compiler ABI info compiled with the following output:
Change Dir: /home/tapgar/eigen/build/CMakeFiles/CMakeTmp

Run Build Command:"/usr/bin/make" "cmTC_87e7d/fast"
/usr/bin/make -f CMakeFiles/cmTC_87e7d.dir/build.make CMakeFiles/cmTC_87e7d.dir/build
make[1]: Entering directory '/home/tapgar/eigen/build/CMakeFiles/CMakeTmp'
Building CXX object CMakeFiles/cmTC_87e7d.dir/CMakeCXXCompilerABI.cpp.o
/usr/bin/c++      -o CMakeFiles/cmTC_87e7d.dir/CMakeCXXCompilerABI.cpp.o -c /usr/share/cmake-3.5/Modules/CMakeCXXCompilerABI.cpp
Linking CXX executable cmTC_87e7d
/usr/bin/cmake -E cmake_link_script CMakeFiles/cmTC_87e7d.dir/link.txt --verbose=1
/usr/bin/c++       -v CMakeFiles/cmTC_87e7d.dir/CMakeCXXCompilerABI.cpp.o  -o cmTC_87e7d -rdynamic  
Using built-in specs.
COLLECT_GCC=/usr/bin/c++
COLLECT_LTO_WRAPPER=/usr/lib/gcc/x86_64-linux-gnu/4.9/lto-wrapper
Target: x86_64-linux-gnu
Configured with: ../src/configure -v --with-pkgversion='Ubuntu 4.9.3-13ubuntu2' --with-bugurl=file:///usr/share/doc/gcc-4.9/README.Bugs --enable-languages=c,c++,java,go,d,fortran,objc,obj-c++ --prefix=/usr --program-suffix=-4.9 --enable-shared --enable-linker-build-id --libexecdir=/usr/lib --without-included-gettext --enable-threads=posix --with-gxx-include-dir=/usr/include/c++/4.9 --libdir=/usr/lib --enable-nls --with-sysroot=/ --enable-clocale=gnu --enable-libstdcxx-debug --enable-libstdcxx-time=yes --enable-gnu-unique-object --disable-vtable-verify --enable-plugin --with-system-zlib --disable-browser-plugin --enable-java-awt=gtk --enable-gtk-cairo --with-java-home=/usr/lib/jvm/java-1.5.0-gcj-4.9-amd64/jre --enable-java-home --with-jvm-root-dir=/usr/lib/jvm/java-1.5.0-gcj-4.9-amd64 --with-jvm-jar-dir=/usr/lib/jvm-exports/java-1.5.0-gcj-4.9-amd64 --with-arch-directory=amd64 --with-ecj-jar=/usr/share/java/eclipse-ecj.jar --enable-objc-gc --enable-multiarch --disable-werror --with-arch-32=i686 --with-abi=m64 --with-multilib-list=m32,m64,mx32 --enable-multilib --with-tune=generic --enable-checking=release --build=x86_64-linux-gnu --host=x86_64-linux-gnu --target=x86_64-linux-gnu
Thread model: posix
gcc version 4.9.3 (Ubuntu 4.9.3-13ubuntu2) 
COMPILER_PATH=/usr/lib/gcc/x86_64-linux-gnu/4.9/:/usr/lib/gcc/x86_64-linux-gnu/4.9/:/usr/lib/gcc/x86_64-linux-gnu/:/usr/lib/gcc/x86_64-linux-gnu/4.9/:/usr/lib/gcc/x86_64-linux-gnu/
LIBRARY_PATH=/usr/lib/gcc/x86_64-linux-gnu/4.9/:/usr/lib/gcc/x86_64-linux-gnu/4.9/../../../x86_64-linux-gnu/:/usr/lib/gcc/x86_64-linux-gnu/4.9/../../../../lib/:/lib/x86_64-linux-gnu/:/lib/../lib/:/usr/lib/x86_64-linux-gnu/:/usr/lib/../lib/:/usr/lib/gcc/x86_64-linux-gnu/4.9/../../../:/lib/:/usr/lib/
COLLECT_GCC_OPTIONS='-v' '-o' 'cmTC_87e7d' '-rdynamic' '-shared-libgcc' '-mtune=generic' '-march=x86-64'
 /usr/lib/gcc/x86_64-linux-gnu/4.9/collect2 -plugin /usr/lib/gcc/x86_64-linux-gnu/4.9/liblto_plugin.so -plugin-opt=/usr/lib/gcc/x86_64-linux-gnu/4.9/lto-wrapper -plugin-opt=-fresolution=/tmp/ccYiUiye.res -plugin-opt=-pass-through=-lgcc_s -plugin-opt=-pass-through=-lgcc -plugin-opt=-pass-through=-lc -plugin-opt=-pass-through=-lgcc_s -plugin-opt=-pass-through=-lgcc --sysroot=/ --build-id --eh-frame-hdr -m elf_x86_64 --hash-style=gnu --as-needed -export-dynamic -dynamic-linker /lib64/ld-linux-x86-64.so.2 -z relro -o cmTC_87e7d /usr/lib/gcc/x86_64-linux-gnu/4.9/../../../x86_64-linux-gnu/crt1.o /usr/lib/gcc/x86_64-linux-gnu/4.9/../../../x86_64-linux-gnu/crti.o /usr/lib/gcc/x86_64-linux-gnu/4.9/crtbegin.o -L/usr/lib/gcc/x86_64-linux-gnu/4.9 -L/usr/lib/gcc/x86_64-linux-gnu/4.9/../../../x86_64-linux-gnu -L/usr/lib/gcc/x86_64-linux-gnu/4.9/../../../../lib -L/lib/x86_64-linux-gnu -L/lib/../lib -L/usr/lib/x86_64-linux-gnu -L/usr/lib/../lib -L/usr/lib/gcc/x86_64-linux-gnu/4.9/../../.. CMakeFiles/cmTC_87e7d.dir/CMakeCXXCompilerABI.cpp.o -lstdc++ -lm -lgcc_s -lgcc -lc -lgcc_s -lgcc /usr/lib/gcc/x86_64-linux-gnu/4.9/crtend.o /usr/lib/gcc/x86_64-linux-gnu/4.9/../../../x86_64-linux-gnu/crtn.o
make[1]: Leaving directory '/home/tapgar/eigen/build/CMakeFiles/CMakeTmp'


Parsed CXX implicit link information from above output:
  link line regex: [^( *|.*[/\])(ld|([^/\]+-)?ld|collect2)[^/\]*( |$)]
  ignore line: [Change Dir: /home/tapgar/eigen/build/CMakeFiles/CMakeTmp]
  ignore line: []
  ignore line: [Run Build Command:"/usr/bin/make" "cmTC_87e7d/fast"]
  ignore line: [/usr/bin/make -f CMakeFiles/cmTC_87e7d.dir/build.make CMakeFiles/cmTC_87e7d.dir/build]
  ignore line: [make[1]: Entering directory '/home/tapgar/eigen/build/CMakeFiles/CMakeTmp']
  ignore line: [Building CXX object CMakeFiles/cmTC_87e7d.dir/CMakeCXXCompilerABI.cpp.o]
  ignore line: [/usr/bin/c++      -o CMakeFiles/cmTC_87e7d.dir/CMakeCXXCompilerABI.cpp.o -c /usr/share/cmake-3.5/Modules/CMakeCXXCompilerABI.cpp]
  ignore line: [Linking CXX executable cmTC_87e7d]
  ignore line: [/usr/bin/cmake -E cmake_link_script CMakeFiles/cmTC_87e7d.dir/link.txt --verbose=1]
  ignore line: [/usr/bin/c++       -v CMakeFiles/cmTC_87e7d.dir/CMakeCXXCompilerABI.cpp.o  -o cmTC_87e7d -rdynamic  ]
  ignore line: [Using built-in specs.]
  ignore line: [COLLECT_GCC=/usr/bin/c++]
  ignore line: [COLLECT_LTO_WRAPPER=/usr/lib/gcc/x86_64-linux-gnu/4.9/lto-wrapper]
  ignore line: [Target: x86_64-linux-gnu]
  ignore line: [Configured with: ../src/configure -v --with-pkgversion='Ubuntu 4.9.3-13ubuntu2' --with-bugurl=file:///usr/share/doc/gcc-4.9/README.Bugs --enable-languages=c,c++,java,go,d,fortran,objc,obj-c++ --prefix=/usr --program-suffix=-4.9 --enable-shared --enable-linker-build-id --libexecdir=/usr/lib --without-included-gettext --enable-threads=posix --with-gxx-include-dir=/usr/include/c++/4.9 --libdir=/usr/lib --enable-nls --with-sysroot=/ --enable-clocale=gnu --enable-libstdcxx-debug --enable-libstdcxx-time=yes --enable-gnu-unique-object --disable-vtable-verify --enable-plugin --with-system-zlib --disable-browser-plugin --enable-java-awt=gtk --enable-gtk-cairo --with-java-home=/usr/lib/jvm/java-1.5.0-gcj-4.9-amd64/jre --enable-java-home --with-jvm-root-dir=/usr/lib/jvm/java-1.5.0-gcj-4.9-amd64 --with-jvm-jar-dir=/usr/lib/jvm-exports/java-1.5.0-gcj-4.9-amd64 --with-arch-directory=amd64 --with-ecj-jar=/usr/share/java/eclipse-ecj.jar --enable-objc-gc --enable-multiarch --disable-werror --with-arch-32=i686 --with-abi=m64 --with-multilib-list=m32,m64,mx32 --enable-multilib --with-tune=generic --enable-checking=release --build=x86_64-linux-gnu --host=x86_64-linux-gnu --target=x86_64-linux-gnu]
  ignore line: [Thread model: posix]
  ignore line: [gcc version 4.9.3 (Ubuntu 4.9.3-13ubuntu2) ]
  ignore line: [COMPILER_PATH=/usr/lib/gcc/x86_64-linux-gnu/4.9/:/usr/lib/gcc/x86_64-linux-gnu/4.9/:/usr/lib/gcc/x86_64-linux-gnu/:/usr/lib/gcc/x86_64-linux-gnu/4.9/:/usr/lib/gcc/x86_64-linux-gnu/]
  ignore line: [LIBRARY_PATH=/usr/lib/gcc/x86_64-linux-gnu/4.9/:/usr/lib/gcc/x86_64-linux-gnu/4.9/../../../x86_64-linux-gnu/:/usr/lib/gcc/x86_64-linux-gnu/4.9/../../../../lib/:/lib/x86_64-linux-gnu/:/lib/../lib/:/usr/lib/x86_64-linux-gnu/:/usr/lib/../lib/:/usr/lib/gcc/x86_64-linux-gnu/4.9/../../../:/lib/:/usr/lib/]
  ignore line: [COLLECT_GCC_OPTIONS='-v' '-o' 'cmTC_87e7d' '-rdynamic' '-shared-libgcc' '-mtune=generic' '-march=x86-64']
  link line: [ /usr/lib/gcc/x86_64-linux-gnu/4.9/collect2 -plugin /usr/lib/gcc/x86_64-linux-gnu/4.9/liblto_plugin.so -plugin-opt=/usr/lib/gcc/x86_64-linux-gnu/4.9/lto-wrapper -plugin-opt=-fresolution=/tmp/ccYiUiye.res -plugin-opt=-pass-through=-lgcc_s -plugin-opt=-pass-through=-lgcc -plugin-opt=-pass-through=-lc -plugin-opt=-pass-through=-lgcc_s -plugin-opt=-pass-through=-lgcc --sysroot=/ --build-id --eh-frame-hdr -m elf_x86_64 --hash-style=gnu --as-needed -export-dynamic -dynamic-linker /lib64/ld-linux-x86-64.so.2 -z relro -o cmTC_87e7d /usr/lib/gcc/x86_64-linux-gnu/4.9/../../../x86_64-linux-gnu/crt1.o /usr/lib/gcc/x86_64-linux-gnu/4.9/../../../x86_64-linux-gnu/crti.o /usr/lib/gcc/x86_64-linux-gnu/4.9/crtbegin.o -L/usr/lib/gcc/x86_64-linux-gnu/4.9 -L/usr/lib/gcc/x86_64-linux-gnu/4.9/../../../x86_64-linux-gnu -L/usr/lib/gcc/x86_64-linux-gnu/4.9/../../../../lib -L/lib/x86_64-linux-gnu -L/lib/../lib -L/usr/lib/x86_64-linux-gnu -L/usr/lib/../lib -L/usr/lib/gcc/x86_64-linux-gnu/4.9/../../.. CMakeFiles/cmTC_87e7d.dir/CMakeCXXCompilerABI.cpp.o -lstdc++ -lm -lgcc_s -lgcc -lc -lgcc_s -lgcc /usr/lib/gcc/x86_64-linux-gnu/4.9/crtend.o /usr/lib/gcc/x86_64-linux-gnu/4.9/../../../x86_64-linux-gnu/crtn.o]
    arg [/usr/lib/gcc/x86_64-linux-gnu/4.9/collect2] ==> ignore
    arg [-plugin] ==> ignore
    arg [/usr/lib/gcc/x86_64-linux-gnu/4.9/liblto_plugin.so] ==> ignore
    arg [-plugin-opt=/usr/lib/gcc/x86_64-linux-gnu/4.9/lto-wrapper] ==> ignore
    arg [-plugin-opt=-fresolution=/tmp/ccYiUiye.res] ==> ignore
    arg [-plugin-opt=-pass-through=-lgcc_s] ==> ignore
    arg [-plugin-opt=-pass-through=-lgcc] ==> ignore
    arg [-plugin-opt=-pass-through=-lc] ==> ignore
    arg [-plugin-opt=-pass-through=-lgcc_s] ==> ignore
    arg [-plugin-opt=-pass-through=-lgcc] ==> ignore
    arg [--sysroot=/] ==> ignore
    arg [--build-id] ==> ignore
    arg [--eh-frame-hdr] ==> ignore
    arg [-m] ==> ignore
    arg [elf_x86_64] ==> ignore
    arg [--hash-style=gnu] ==> ignore
    arg [--as-needed] ==> ignore
    arg [-export-dynamic] ==> ignore
    arg [-dynamic-linker] ==> ignore
    arg [/lib64/ld-linux-x86-64.so.2] ==> ignore
    arg [-zrelro] ==> ignore
    arg [-o] ==> ignore
    arg [cmTC_87e7d] ==> ignore
    arg [/usr/lib/gcc/x86_64-linux-gnu/4.9/../../../x86_64-linux-gnu/crt1.o] ==> ignore
    arg [/usr/lib/gcc/x86_64-linux-gnu/4.9/../../../x86_64-linux-gnu/crti.o] ==> ignore
    arg [/usr/lib/gcc/x86_64-linux-gnu/4.9/crtbegin.o] ==> ignore
    arg [-L/usr/lib/gcc/x86_64-linux-gnu/4.9] ==> dir [/usr/lib/gcc/x86_64-linux-gnu/4.9]
    arg [-L/usr/lib/gcc/x86_64-linux-gnu/4.9/../../../x86_64-linux-gnu] ==> dir [/usr/lib/gcc/x86_64-linux-gnu/4.9/../../../x86_64-linux-gnu]
    arg [-L/usr/lib/gcc/x86_64-linux-gnu/4.9/../../../../lib] ==> dir [/usr/lib/gcc/x86_64-linux-gnu/4.9/../../../../lib]
    arg [-L/lib/x86_64-linux-gnu] ==> dir [/lib/x86_64-linux-gnu]
    arg [-L/lib/../lib] ==> dir [/lib/../lib]
    arg [-L/usr/lib/x86_64-linux-gnu] ==> dir [/usr/lib/x86_64-linux-gnu]
    arg [-L/usr/lib/../lib] ==> dir [/usr/lib/../lib]
    arg [-L/usr/lib/gcc/x86_64-linux-gnu/4.9/../../..] ==> dir [/usr/lib/gcc/x86_64-linux-gnu/4.9/../../..]
    arg [CMakeFiles/cmTC_87e7d.dir/CMakeCXXCompilerABI.cpp.o] ==> ignore
    arg [-lstdc++] ==> lib [stdc++]
    arg [-lm] ==> lib [m]
    arg [-lgcc_s] ==> lib [gcc_s]
    arg [-lgcc] ==> lib [gcc]
    arg [-lc] ==> lib [c]
    arg [-lgcc_s] ==> lib [gcc_s]
    arg [-lgcc] ==> lib [gcc]
    arg [/usr/lib/gcc/x86_64-linux-gnu/4.9/crtend.o] ==> ignore
    arg [/usr/lib/gcc/x86_64-linux-gnu/4.9/../../../x86_64-linux-gnu/crtn.o] ==> ignore
  remove lib [gcc_s]
  remove lib [gcc]
  remove lib [gcc_s]
  remove lib [gcc]
  collapse library dir [/usr/lib/gcc/x86_64-linux-gnu/4.9] ==> [/usr/lib/gcc/x86_64-linux-gnu/4.9]
  collapse library dir [/usr/lib/gcc/x86_64-linux-gnu/4.9/../../../x86_64-linux-gnu] ==> [/usr/lib/x86_64-linux-gnu]
  collapse library dir [/usr/lib/gcc/x86_64-linux-gnu/4.9/../../../../lib] ==> [/usr/lib]
  collapse library dir [/lib/x86_64-linux-gnu] ==> [/lib/x86_64-linux-gnu]
  collapse library dir [/lib/../lib] ==> [/lib]
  collapse library dir [/usr/lib/x86_64-linux-gnu] ==> [/usr/lib/x86_64-linux-gnu]
  collapse library dir [/usr/lib/../lib] ==> [/usr/lib]
  collapse library dir [/usr/lib/gcc/x86_64-linux-gnu/4.9/../../..] ==> [/usr/lib]
  implicit libs: [stdc++;m;c]
  implicit dirs: [/usr/lib/gcc/x86_64-linux-gnu/4.9;/usr/lib/x86_64-linux-gnu;/usr/lib;/lib/x86_64-linux-gnu;/lib]
  implicit fwks: []




Detecting CXX [-std=c++14] compiler features compiled with the following output:
Change Dir: /home/tapgar/eigen/build/CMakeFiles/CMakeTmp

Run Build Command:"/usr/bin/make" "cmTC_5cfe6/fast"
/usr/bin/make -f CMakeFiles/cmTC_5cfe6.dir/build.make CMakeFiles/cmTC_5cfe6.dir/build
make[1]: Entering directory '/home/tapgar/eigen/build/CMakeFiles/CMakeTmp'
Building CXX object CMakeFiles/cmTC_5cfe6.dir/feature_tests.cxx.o
/usr/bin/c++     -std=c++14 -o CMakeFiles/cmTC_5cfe6.dir/feature_tests.cxx.o -c /home/tapgar/eigen/build/CMakeFiles/feature_tests.cxx
Linking CXX executable cmTC_5cfe6
/usr/bin/cmake -E cmake_link_script CMakeFiles/cmTC_5cfe6.dir/link.txt --verbose=1
/usr/bin/c++        CMakeFiles/cmTC_5cfe6.dir/feature_tests.cxx.o  -o cmTC_5cfe6 -rdynamic 
make[1]: Leaving directory '/home/tapgar/eigen/build/CMakeFiles/CMakeTmp'


    Feature record: CXX_FEATURE:0cxx_aggregate_default_initializers
    Feature record: CXX_FEATURE:1cxx_alias_templates
    Feature record: CXX_FEATURE:1cxx_alignas
    Feature record: CXX_FEATURE:1cxx_alignof
    Feature record: CXX_FEATURE:1cxx_attributes
    Feature record: CXX_FEATURE:1cxx_attribute_deprecated
    Feature record: CXX_FEATURE:1cxx_auto_type
    Feature record: CXX_FEATURE:1cxx_binary_literals
    Feature record: CXX_FEATURE:1cxx_constexpr
    Feature record: CXX_FEATURE:1cxx_contextual_conversions
    Feature record: CXX_FEATURE:1cxx_decltype
    Feature record: CXX_FEATURE:1cxx_decltype_auto
    Feature record: CXX_FEATURE:1cxx_decltype_incomplete_return_types
    Feature record: CXX_FEATURE:1cxx_default_function_template_args
    Feature record: CXX_FEATURE:1cxx_defaulted_functions
    Feature record: CXX_FEATURE:1cxx_defaulted_move_initializers
    Feature record: CXX_FEATURE:1cxx_delegating_constructors
    Feature record: CXX_FEATURE:1cxx_deleted_functions
    Feature record: CXX_FEATURE:1cxx_digit_separators
    Feature record: CXX_FEATURE:1cxx_enum_forward_declarations
    Feature record: CXX_FEATURE:1cxx_explicit_conversions
    Feature record: CXX_FEATURE:1cxx_extended_friend_declarations
    Feature record: CXX_FEATURE:1cxx_extern_templates
    Feature record: CXX_FEATURE:1cxx_final
    Feature record: CXX_FEATURE:1cxx_func_identifier
    Feature record: CXX_FEATURE:1cxx_generalized_initializers
    Feature record: CXX_FEATURE:1cxx_generic_lambdas
    Feature record: CXX_FEATURE:1cxx_inheriting_constructors
    Feature record: CXX_FEATURE:1cxx_inline_namespaces
    Feature record: CXX_FEATURE:1cxx_lambdas
    Feature record: CXX_FEATURE:1cxx_lambda_init_captures
    Feature record: CXX_FEATURE:1cxx_local_type_template_args
    Feature record: CXX_FEATURE:1cxx_long_long_type
    Feature record: CXX_FEATURE:1cxx_noexcept
    Feature record: CXX_FEATURE:1cxx_nonstatic_member_init
    Feature record: CXX_FEATURE:1cxx_nullptr
    Feature record: CXX_FEATURE:1cxx_override
    Feature record: CXX_FEATURE:1cxx_range_for
    Feature record: CXX_FEATURE:1cxx_raw_string_literals
    Feature record: CXX_FEATURE:1cxx_reference_qualified_functions
    Feature record: CXX_FEATURE:0cxx_relaxed_constexpr
    Feature record: CXX_FEATURE:1cxx_return_type_deduction
    Feature record: CXX_FEATURE:1cxx_right_angle_brackets
    Feature record: CXX_FEATURE:1cxx_rvalue_references
    Feature record: CXX_FEATURE:1cxx_sizeof_member
    Feature record: CXX_FEATURE:1cxx_static_assert
    Feature record: CXX_FEATURE:1cxx_strong_enums
    Feature record: CXX_FEATURE:1cxx_template_template_parameters
    Feature record: CXX_FEATURE:1cxx_thread_local
    Feature record: CXX_FEATURE:1cxx_trailing_return_types
    Feature record: CXX_FEATURE:1cxx_unicode_literals
    Feature record: CXX_FEATURE:1cxx_uniform_initialization
    Feature record: CXX_FEATURE:1cxx_unrestricted_unions
    Feature record: CXX_FEATURE:1cxx_user_literals
    Feature record: CXX_FEATURE:0cxx_variable_templates
    Feature record: CXX_FEATURE:1cxx_variadic_macros
    Feature record: CXX_FEATURE:1cxx_variadic_templates


Detecting CXX [-std=c++11] compiler features compiled with the following output:
Change Dir: /home/tapgar/eigen/build/CMakeFiles/CMakeTmp

Run Build Command:"/usr/bin/make" "cmTC_e7647/fast"
/usr/bin/make -f CMakeFiles/cmTC_e7647.dir/build.make CMakeFiles/cmTC_e7647.dir/build
make[1]: Entering directory '/home/tapgar/eigen/build/CMakeFiles/CMakeTmp'
Building CXX object CMakeFiles/cmTC_e7647.dir/feature_tests.cxx.o
/usr/bin/c++     -std=c++11 -o CMakeFiles/cmTC_e7647.dir/feature_tests.cxx.o -c /home/tapgar/eigen/build/CMakeFiles/feature_tests.cxx
Linking CXX executable cmTC_e7647
/usr/bin/cmake -E cmake_link_script CMakeFiles/cmTC_e7647.dir/link.txt --verbose=1
/usr/bin/c++        CMakeFiles/cmTC_e7647.dir/feature_tests.cxx.o  -o cmTC_e7647 -rdynamic 
make[1]: Leaving directory '/home/tapgar/eigen/build/CMakeFiles/CMakeTmp'


    Feature record: CXX_FEATURE:0cxx_aggregate_default_initializers
    Feature record: CXX_FEATURE:1cxx_alias_templates
    Feature record: CXX_FEATURE:1cxx_alignas
    Feature record: CXX_FEATURE:1cxx_alignof
    Feature record: CXX_FEATURE:1cxx_attributes
    Feature record: CXX_FEATURE:0cxx_attribute_deprecated
    Feature record: CXX_FEATURE:1cxx_auto_type
    Feature record: CXX_FEATURE:0cxx_binary_literals
    Feature record: CXX_FEATURE:1cxx_constexpr
    Feature record: CXX_FEATURE:0cxx_contextual_conversions
    Feature record: CXX_FEATURE:1cxx_decltype
    Feature record: CXX_FEATURE:0cxx_decltype_auto
    Feature record: CXX_FEATURE:1cxx_decltype_incomplete_return_types
    Feature record: CXX_FEATURE:1cxx_default_function_template_args
    Feature record: CXX_FEATURE:1cxx_defaulted_functions
    Feature record: CXX_FEATURE:1cxx_defaulted_move_initializers
    Feature record: CXX_FEATURE:1cxx_delegating_constructors
    Feature record: CXX_FEATURE:1cxx_deleted_functions
    Feature record: CXX_FEATURE:0cxx_digit_separators
    Feature record: CXX_FEATURE:1cxx_enum_forward_declarations
    Feature record: CXX_FEATURE:1cxx_explicit_conversions
    Feature record: CXX_FEATURE:1cxx_extended_friend_declarations
    Feature record: CXX_FEATURE:1cxx_extern_templates
    Feature record: CXX_FEATURE:1cxx_final
    Feature record: CXX_FEATURE:1cxx_func_identifier
    Feature record: CXX_FEATURE:1cxx_generalized_initializers
    Feature record: CXX_FEATURE:0cxx_generic_lambdas
    Feature record: CXX_FEATURE:1cxx_inheriting_constructors
    Feature record: CXX_FEATURE:1cxx_inline_namespaces
    Feature record: CXX_FEATURE:1cxx_lambdas
    Feature record: CXX_FEATURE:0cxx_lambda_init_captures
    Feature record: CXX_FEATURE:1cxx_local_type_template_args
    Feature record: CXX_FEATURE:1cxx_long_long_type
    Feature record: CXX_FEATURE:1cxx_noexcept
    Feature record: CXX_FEATURE:1cxx_nonstatic_member_init
    Feature record: CXX_FEATURE:1cxx_nullptr
    Feature record: CXX_FEATURE:1cxx_override
    Feature record: CXX_FEATURE:1cxx_range_for
    Feature record: CXX_FEATURE:1cxx_raw_string_literals
    Feature record: CXX_FEATURE:1cxx_reference_qualified_functions
    Feature record: CXX_FEATURE:0cxx_relaxed_constexpr
    Feature record: CXX_FEATURE:0cxx_return_type_deduction
    Feature record: CXX_FEATURE:1cxx_right_angle_brackets
    Feature record: CXX_FEATURE:1cxx_rvalue_references
    Feature record: CXX_FEATURE:1cxx_sizeof_member
    Feature record: CXX_FEATURE:1cxx_static_assert
    Feature record: CXX_FEATURE:1cxx_strong_enums
    Feature record: CXX_FEATURE:1cxx_template_template_parameters
    Feature record: CXX_FEATURE:1cxx_thread_local
    Feature record: CXX_FEATURE:1cxx_trailing_return_types
    Feature record: CXX_FEATURE:1cxx_unicode_literals
    Feature record: CXX_FEATURE:1cxx_uniform_initialization
    Feature record: CXX_FEATURE:1cxx_unrestricted_unions
    Feature record: CXX_FEATURE:1cxx_user_literals
    Feature record: CXX_FEATURE:0cxx_variable_templates
    Feature record: CXX_FEATURE:1cxx_variadic_macros
    Feature record: CXX_FEATURE:1cxx_variadic_templates


Detecting CXX [-std=c++98] compiler features compiled with the following output:
Change Dir: /home/tapgar/eigen/build/CMakeFiles/CMakeTmp

Run Build Command:"/usr/bin/make" "cmTC_1de5a/fast"
/usr/bin/make -f CMakeFiles/cmTC_1de5a.dir/build.make CMakeFiles/cmTC_1de5a.dir/build
make[1]: Entering directory '/home/tapgar/eigen/build/CMakeFiles/CMakeTmp'
Building CXX object CMakeFiles/cmTC_1de5a.dir/feature_tests.cxx.o
/usr/bin/c++     -std=c++98 -o CMakeFiles/cmTC_1de5a.dir/feature_tests.cxx.o -c /home/tapgar/eigen/build/CMakeFiles/feature_tests.cxx
Linking CXX executable cmTC_1de5a
/usr/bin/cmake -E cmake_link_script CMakeFiles/cmTC_1de5a.dir/link.txt --verbose=1
/usr/bin/c++        CMakeFiles/cmTC_1de5a.dir/feature_tests.cxx.o  -o cmTC_1de5a -rdynamic 
make[1]: Leaving directory '/home/tapgar/eigen/build/CMakeFiles/CMakeTmp'


    Feature record: CXX_FEATURE:0cxx_aggregate_default_initializers
    Feature record: CXX_FEATURE:0cxx_alias_templates
    Feature record: CXX_FEATURE:0cxx_alignas
    Feature record: CXX_FEATURE:0cxx_alignof
    Feature record: CXX_FEATURE:0cxx_attributes
    Feature record: CXX_FEATURE:0cxx_attribute_deprecated
    Feature record: CXX_FEATURE:0cxx_auto_type
    Feature record: CXX_FEATURE:0cxx_binary_literals
    Feature record: CXX_FEATURE:0cxx_constexpr
    Feature record: CXX_FEATURE:0cxx_contextual_conversions
    Feature record: CXX_FEATURE:0cxx_decltype
    Feature record: CXX_FEATURE:0cxx_decltype_auto
    Feature record: CXX_FEATURE:0cxx_decltype_incomplete_return_types
    Feature record: CXX_FEATURE:0cxx_default_function_template_args
    Feature record: CXX_FEATURE:0cxx_defaulted_functions
    Feature record: CXX_FEATURE:0cxx_defaulted_move_initializers
    Feature record: CXX_FEATURE:0cxx_delegating_constructors
    Feature record: CXX_FEATURE:0cxx_deleted_functions
    Feature record: CXX_FEATURE:0cxx_digit_separators
    Feature record: CXX_FEATURE:0cxx_enum_forward_declarations
    Feature record: CXX_FEATURE:0cxx_explicit_conversions
    Feature record: CXX_FEATURE:0cxx_extended_friend_declarations
    Feature record: CXX_FEATURE:0cxx_extern_templates
    Feature record: CXX_FEATURE:0cxx_final
    Feature record: CXX_FEATURE:0cxx_func_identifier
    Feature record: CXX_FEATURE:0cxx_generalized_initializers
    Feature record: CXX_FEATURE:0cxx_generic_lambdas
    Feature record: CXX_FEATURE:0cxx_inheriting_constructors
    Feature record: CXX_FEATURE:0cxx_inline_namespaces
    Feature record: CXX_FEATURE:0cxx_lambdas
    Feature record: CXX_FEATURE:0cxx_lambda_init_captures
    Feature record: CXX_FEATURE:0cxx_local_type_template_args
    Feature record: CXX_FEATURE:0cxx_long_long_type
    Feature record: CXX_FEATURE:0cxx_noexcept
    Feature record: CXX_FEATURE:0cxx_nonstatic_member_init
    Feature record: CXX_FEATURE:0cxx_nullptr
    Feature record: CXX_FEATURE:0cxx_override
    Feature record: CXX_FEATURE:0cxx_range_for
    Feature record: CXX_FEATURE:0cxx_raw_string_literals
    Feature record: CXX_FEATURE:0cxx_reference_qualified_functions
    Feature record: CXX_FEATURE:0cxx_relaxed_constexpr
    Feature record: CXX_FEATURE:0cxx_return_type_deduction
    Feature record: CXX_FEATURE:0cxx_right_angle_brackets
    Feature record: CXX_FEATURE:0cxx_rvalue_references
    Feature record: CXX_FEATURE:0cxx_sizeof_member
    Feature record: CXX_FEATURE:0cxx_static_assert
    Feature record: CXX_FEATURE:0cxx_strong_enums
    Feature record: CXX_FEATURE:1cxx_template_template_parameters
    Feature record: CXX_FEATURE:0cxx_thread_local
    Feature record: CXX_FEATURE:0cxx_trailing_return_types
    Feature record: CXX_FEATURE:0cxx_unicode_literals
    Feature record: CXX_FEATURE:0cxx_uniform_initialization
    Feature record: CXX_FEATURE:0cxx_unrestricted_unions
    Feature record: CXX_FEATURE:0cxx_user_literals
    Feature record: CXX_FEATURE:0cxx_variable_templates
    Feature record: CXX_FEATURE:0cxx_variadic_macros
    Feature record: CXX_FEATURE:0cxx_variadic_templates
Performing C++ SOURCE FILE Test standard_math_library_linked_to_automatically succeeded with the following output:
Change Dir: /home/tapgar/eigen/build/CMakeFiles/CMakeTmp

Run Build Command:"/usr/bin/make" "cmTC_c69f9/fast"
/usr/bin/make -f CMakeFiles/cmTC_c69f9.dir/build.make CMakeFiles/cmTC_c69f9.dir/build
make[1]: Entering directory '/home/tapgar/eigen/build/CMakeFiles/CMakeTmp'
Building CXX object CMakeFiles/cmTC_c69f9.dir/src.cxx.o
/usr/bin/c++     -Dstandard_math_library_linked_to_automatically   -o CMakeFiles/cmTC_c69f9.dir/src.cxx.o -c /home/tapgar/eigen/build/CMakeFiles/CMakeTmp/src.cxx
Linking CXX executable cmTC_c69f9
/usr/bin/cmake -E cmake_link_script CMakeFiles/cmTC_c69f9.dir/link.txt --verbose=1
/usr/bin/c++    -Dstandard_math_library_linked_to_automatically    CMakeFiles/cmTC_c69f9.dir/src.cxx.o  -o cmTC_c69f9 -rdynamic 
make[1]: Leaving directory '/home/tapgar/eigen/build/CMakeFiles/CMakeTmp'

Source file was:
#include<cmath>
int main() { std::sin(0.0); std::log(0.0f); }
Performing C++ SOURCE FILE Test COMPILER_SUPPORT_WERROR succeeded with the following output:
Change Dir: /home/tapgar/eigen/build/CMakeFiles/CMakeTmp

Run Build Command:"/usr/bin/make" "cmTC_e61a4/fast"
/usr/bin/make -f CMakeFiles/cmTC_e61a4.dir/build.make CMakeFiles/cmTC_e61a4.dir/build
make[1]: Entering directory '/home/tapgar/eigen/build/CMakeFiles/CMakeTmp'
Building CXX object CMakeFiles/cmTC_e61a4.dir/src.cxx.o
/usr/bin/c++     -DCOMPILER_SUPPORT_WERROR   -Werror -o CMakeFiles/cmTC_e61a4.dir/src.cxx.o -c /home/tapgar/eigen/build/CMakeFiles/CMakeTmp/src.cxx
Linking CXX executable cmTC_e61a4
/usr/bin/cmake -E cmake_link_script CMakeFiles/cmTC_e61a4.dir/link.txt --verbose=1
/usr/bin/c++    -DCOMPILER_SUPPORT_WERROR    CMakeFiles/cmTC_e61a4.dir/src.cxx.o  -o cmTC_e61a4 -rdynamic 
make[1]: Leaving directory '/home/tapgar/eigen/build/CMakeFiles/CMakeTmp'

Source file was:
int main() { return 0; }
Performing C++ SOURCE FILE Test COMPILER_SUPPORT_pedantic succeeded with the following output:
Change Dir: /home/tapgar/eigen/build/CMakeFiles/CMakeTmp

Run Build Command:"/usr/bin/make" "cmTC_1ab83/fast"
/usr/bin/make -f CMakeFiles/cmTC_1ab83.dir/build.make CMakeFiles/cmTC_1ab83.dir/build
make[1]: Entering directory '/home/tapgar/eigen/build/CMakeFiles/CMakeTmp'
Building CXX object CMakeFiles/cmTC_1ab83.dir/src.cxx.o
/usr/bin/c++     -DCOMPILER_SUPPORT_pedantic -Werror   -pedantic -o CMakeFiles/cmTC_1ab83.dir/src.cxx.o -c /home/tapgar/eigen/build/CMakeFiles/CMakeTmp/src.cxx
Linking CXX executable cmTC_1ab83
/usr/bin/cmake -E cmake_link_script CMakeFiles/cmTC_1ab83.dir/link.txt --verbose=1
/usr/bin/c++    -DCOMPILER_SUPPORT_pedantic -Werror    CMakeFiles/cmTC_1ab83.dir/src.cxx.o  -o cmTC_1ab83 -rdynamic 
make[1]: Leaving directory '/home/tapgar/eigen/build/CMakeFiles/CMakeTmp'

Source file was:
int main() { return 0; }
Performing C++ SOURCE FILE Test COMPILER_SUPPORT_Wall succeeded with the following output:
Change Dir: /home/tapgar/eigen/build/CMakeFiles/CMakeTmp

Run Build Command:"/usr/bin/make" "cmTC_050ad/fast"
/usr/bin/make -f CMakeFiles/cmTC_050ad.dir/build.make CMakeFiles/cmTC_050ad.dir/build
make[1]: Entering directory '/home/tapgar/eigen/build/CMakeFiles/CMakeTmp'
Building CXX object CMakeFiles/cmTC_050ad.dir/src.cxx.o
/usr/bin/c++     -pedantic -DCOMPILER_SUPPORT_Wall -Werror   -Wall -o CMakeFiles/cmTC_050ad.dir/src.cxx.o -c /home/tapgar/eigen/build/CMakeFiles/CMakeTmp/src.cxx
Linking CXX executable cmTC_050ad
/usr/bin/cmake -E cmake_link_script CMakeFiles/cmTC_050ad.dir/link.txt --verbose=1
/usr/bin/c++    -pedantic -DCOMPILER_SUPPORT_Wall -Werror    CMakeFiles/cmTC_050ad.dir/src.cxx.o  -o cmTC_050ad -rdynamic 
make[1]: Leaving directory '/home/tapgar/eigen/build/CMakeFiles/CMakeTmp'

Source file was:
int main() { return 0; }
Performing C++ SOURCE FILE Test COMPILER_SUPPORT_Wextra succeeded with the following output:
Change Dir: /home/tapgar/eigen/build/CMakeFiles/CMakeTmp

Run Build Command:"/usr/bin/make" "cmTC_d39b9/fast"
/usr/bin/make -f CMakeFiles/cmTC_d39b9.dir/build.make CMakeFiles/cmTC_d39b9.dir/build
make[1]: Entering directory '/home/tapgar/eigen/build/CMakeFiles/CMakeTmp'
Building CXX object CMakeFiles/cmTC_d39b9.dir/src.cxx.o
/usr/bin/c++     -pedantic -Wall -DCOMPILER_SUPPORT_Wextra -Werror   -Wextra -o CMakeFiles/cmTC_d39b9.dir/src.cxx.o -c /home/tapgar/eigen/build/CMakeFiles/CMakeTmp/src.cxx
Linking CXX executable cmTC_d39b9
/usr/bin/cmake -E cmake_link_script CMakeFiles/cmTC_d39b9.dir/link.txt --verbose=1
/usr/bin/c++    -pedantic -Wall -DCOMPILER_SUPPORT_Wextra -Werror    CMakeFiles/cmTC_d39b9.dir/src.cxx.o  -o cmTC_d39b9 -rdynamic 
make[1]: Leaving directory '/home/tapgar/eigen/build/CMakeFiles/CMakeTmp'

Source file was:
int main() { return 0; }
Performing C++ SOURCE FILE Test COMPILER_SUPPORT_Wundef succeeded with the following output:
Change Dir: /home/tapgar/eigen/build/CMakeFiles/CMakeTmp

Run Build Command:"/usr/bin/make" "cmTC_af9e6/fast"
/usr/bin/make -f CMakeFiles/cmTC_af9e6.dir/build.make CMakeFiles/cmTC_af9e6.dir/build
make[1]: Entering directory '/home/tapgar/eigen/build/CMakeFiles/CMakeTmp'
Building CXX object CMakeFiles/cmTC_af9e6.dir/src.cxx.o
/usr/bin/c++     -pedantic -Wall -Wextra -DCOMPILER_SUPPORT_Wundef -Werror   -Wundef -o CMakeFiles/cmTC_af9e6.dir/src.cxx.o -c /home/tapgar/eigen/build/CMakeFiles/CMakeTmp/src.cxx
Linking CXX executable cmTC_af9e6
/usr/bin/cmake -E cmake_link_script CMakeFiles/cmTC_af9e6.dir/link.txt --verbose=1
/usr/bin/c++    -pedantic -Wall -Wextra -DCOMPILER_SUPPORT_Wundef -Werror    CMakeFiles/cmTC_af9e6.dir/src.cxx.o  -o cmTC_af9e6 -rdynamic 
make[1]: Leaving directory '/home/tapgar/eigen/build/CMakeFiles/CMakeTmp'

Source file was:
int main() { return 0; }
Performing C++ SOURCE FILE Test COMPILER_SUPPORT_Wcastalign succeeded with the following output:
Change Dir: /home/tapgar/eigen/build/CMakeFiles/CMakeTmp

Run Build Command:"/usr/bin/make" "cmTC_3be52/fast"
/usr/bin/make -f CMakeFiles/cmTC_3be52.dir/build.make CMakeFiles/cmTC_3be52.dir/build
make[1]: Entering directory '/home/tapgar/eigen/build/CMakeFiles/CMakeTmp'
Building CXX object CMakeFiles/cmTC_3be52.dir/src.cxx.o
/usr/bin/c++     -pedantic -Wall -Wextra -Wundef -DCOMPILER_SUPPORT_Wcastalign -Werror   -Wcast-align -o CMakeFiles/cmTC_3be52.dir/src.cxx.o -c /home/tapgar/eigen/build/CMakeFiles/CMakeTmp/src.cxx
Linking CXX executable cmTC_3be52
/usr/bin/cmake -E cmake_link_script CMakeFiles/cmTC_3be52.dir/link.txt --verbose=1
/usr/bin/c++    -pedantic -Wall -Wextra -Wundef -DCOMPILER_SUPPORT_Wcastalign -Werror    CMakeFiles/cmTC_3be52.dir/src.cxx.o  -o cmTC_3be52 -rdynamic 
make[1]: Leaving directory '/home/tapgar/eigen/build/CMakeFiles/CMakeTmp'

Source file was:
int main() { return 0; }
Performing C++ SOURCE FILE Test COMPILER_SUPPORT_Wcharsubscripts succeeded with the following output:
Change Dir: /home/tapgar/eigen/build/CMakeFiles/CMakeTmp

Run Build Command:"/usr/bin/make" "cmTC_8098b/fast"
/usr/bin/make -f CMakeFiles/cmTC_8098b.dir/build.make CMakeFiles/cmTC_8098b.dir/build
make[1]: Entering directory '/home/tapgar/eigen/build/CMakeFiles/CMakeTmp'
Building CXX object CMakeFiles/cmTC_8098b.dir/src.cxx.o
/usr/bin/c++     -pedantic -Wall -Wextra -Wundef -Wcast-align -DCOMPILER_SUPPORT_Wcharsubscripts -Werror   -Wchar-subscripts -o CMakeFiles/cmTC_8098b.dir/src.cxx.o -c /home/tapgar/eigen/build/CMakeFiles/CMakeTmp/src.cxx
Linking CXX executable cmTC_8098b
/usr/bin/cmake -E cmake_link_script CMakeFiles/cmTC_8098b.dir/link.txt --verbose=1
/usr/bin/c++    -pedantic -Wall -Wextra -Wundef -Wcast-align -DCOMPILER_SUPPORT_Wcharsubscripts -Werror    CMakeFiles/cmTC_8098b.dir/src.cxx.o  -o cmTC_8098b -rdynamic 
make[1]: Leaving directory '/home/tapgar/eigen/build/CMakeFiles/CMakeTmp'

Source file was:
int main() { return 0; }
Performing C++ SOURCE FILE Test COMPILER_SUPPORT_Wnonvirtualdtor succeeded with the following output:
Change Dir: /home/tapgar/eigen/build/CMakeFiles/CMakeTmp

Run Build Command:"/usr/bin/make" "cmTC_6d013/fast"
/usr/bin/make -f CMakeFiles/cmTC_6d013.dir/build.make CMakeFiles/cmTC_6d013.dir/build
make[1]: Entering directory '/home/tapgar/eigen/build/CMakeFiles/CMakeTmp'
Building CXX object CMakeFiles/cmTC_6d013.dir/src.cxx.o
/usr/bin/c++     -pedantic -Wall -Wextra -Wundef -Wcast-align -Wchar-subscripts -DCOMPILER_SUPPORT_Wnonvirtualdtor -Werror   -Wnon-virtual-dtor -o CMakeFiles/cmTC_6d013.dir/src.cxx.o -c /home/tapgar/eigen/build/CMakeFiles/CMakeTmp/src.cxx
Linking CXX executable cmTC_6d013
/usr/bin/cmake -E cmake_link_script CMakeFiles/cmTC_6d013.dir/link.txt --verbose=1
/usr/bin/c++    -pedantic -Wall -Wextra -Wundef -Wcast-align -Wchar-subscripts -DCOMPILER_SUPPORT_Wnonvirtualdtor -Werror    CMakeFiles/cmTC_6d013.dir/src.cxx.o  -o cmTC_6d013 -rdynamic 
make[1]: Leaving directory '/home/tapgar/eigen/build/CMakeFiles/CMakeTmp'

Source file was:
int main() { return 0; }
Performing C++ SOURCE FILE Test COMPILER_SUPPORT_Wunusedlocaltypedefs succeeded with the following output:
Change Dir: /home/tapgar/eigen/build/CMakeFiles/CMakeTmp

Run Build Command:"/usr/bin/make" "cmTC_75709/fast"
/usr/bin/make -f CMakeFiles/cmTC_75709.dir/build.make CMakeFiles/cmTC_75709.dir/build
make[1]: Entering directory '/home/tapgar/eigen/build/CMakeFiles/CMakeTmp'
Building CXX object CMakeFiles/cmTC_75709.dir/src.cxx.o
/usr/bin/c++     -pedantic -Wall -Wextra -Wundef -Wcast-align -Wchar-subscripts -Wnon-virtual-dtor -DCOMPILER_SUPPORT_Wunusedlocaltypedefs -Werror   -Wunused-local-typedefs -o CMakeFiles/cmTC_75709.dir/src.cxx.o -c /home/tapgar/eigen/build/CMakeFiles/CMakeTmp/src.cxx
Linking CXX executable cmTC_75709
/usr/bin/cmake -E cmake_link_script CMakeFiles/cmTC_75709.dir/link.txt --verbose=1
/usr/bin/c++    -pedantic -Wall -Wextra -Wundef -Wcast-align -Wchar-subscripts -Wnon-virtual-dtor -DCOMPILER_SUPPORT_Wunusedlocaltypedefs -Werror    CMakeFiles/cmTC_75709.dir/src.cxx.o  -o cmTC_75709 -rdynamic 
make[1]: Leaving directory '/home/tapgar/eigen/build/CMakeFiles/CMakeTmp'

Source file was:
int main() { return 0; }
Performing C++ SOURCE FILE Test COMPILER_SUPPORT_Wpointerarith succeeded with the following output:
Change Dir: /home/tapgar/eigen/build/CMakeFiles/CMakeTmp

Run Build Command:"/usr/bin/make" "cmTC_687d8/fast"
/usr/bin/make -f CMakeFiles/cmTC_687d8.dir/build.make CMakeFiles/cmTC_687d8.dir/build
make[1]: Entering directory '/home/tapgar/eigen/build/CMakeFiles/CMakeTmp'
Building CXX object CMakeFiles/cmTC_687d8.dir/src.cxx.o
/usr/bin/c++     -pedantic -Wall -Wextra -Wundef -Wcast-align -Wchar-subscripts -Wnon-virtual-dtor -Wunused-local-typedefs -DCOMPILER_SUPPORT_Wpointerarith -Werror   -Wpointer-arith -o CMakeFiles/cmTC_687d8.dir/src.cxx.o -c /home/tapgar/eigen/build/CMakeFiles/CMakeTmp/src.cxx
Linking CXX executable cmTC_687d8
/usr/bin/cmake -E cmake_link_script CMakeFiles/cmTC_687d8.dir/link.txt --verbose=1
/usr/bin/c++    -pedantic -Wall -Wextra -Wundef -Wcast-align -Wchar-subscripts -Wnon-virtual-dtor -Wunused-local-typedefs -DCOMPILER_SUPPORT_Wpointerarith -Werror    CMakeFiles/cmTC_687d8.dir/src.cxx.o  -o cmTC_687d8 -rdynamic 
make[1]: Leaving directory '/home/tapgar/eigen/build/CMakeFiles/CMakeTmp'

Source file was:
int main() { return 0; }
Performing C++ SOURCE FILE Test COMPILER_SUPPORT_Wwritestrings succeeded with the following output:
Change Dir: /home/tapgar/eigen/build/CMakeFiles/CMakeTmp

Run Build Command:"/usr/bin/make" "cmTC_f1796/fast"
/usr/bin/make -f CMakeFiles/cmTC_f1796.dir/build.make CMakeFiles/cmTC_f1796.dir/build
make[1]: Entering directory '/home/tapgar/eigen/build/CMakeFiles/CMakeTmp'
Building CXX object CMakeFiles/cmTC_f1796.dir/src.cxx.o
/usr/bin/c++     -pedantic -Wall -Wextra -Wundef -Wcast-align -Wchar-subscripts -Wnon-virtual-dtor -Wunused-local-typedefs -Wpointer-arith -DCOMPILER_SUPPORT_Wwritestrings -Werror   -Wwrite-strings -o CMakeFiles/cmTC_f1796.dir/src.cxx.o -c /home/tapgar/eigen/build/CMakeFiles/CMakeTmp/src.cxx
Linking CXX executable cmTC_f1796
/usr/bin/cmake -E cmake_link_script CMakeFiles/cmTC_f1796.dir/link.txt --verbose=1
/usr/bin/c++    -pedantic -Wall -Wextra -Wundef -Wcast-align -Wchar-subscripts -Wnon-virtual-dtor -Wunused-local-typedefs -Wpointer-arith -DCOMPILER_SUPPORT_Wwritestrings -Werror    CMakeFiles/cmTC_f1796.dir/src.cxx.o  -o cmTC_f1796 -rdynamic 
make[1]: Leaving directory '/home/tapgar/eigen/build/CMakeFiles/CMakeTmp'

Source file was:
int main() { return 0; }
Performing C++ SOURCE FILE Test COMPILER_SUPPORT_Wformatsecurity succeeded with the following output:
Change Dir: /home/tapgar/eigen/build/CMakeFiles/CMakeTmp

Run Build Command:"/usr/bin/make" "cmTC_be191/fast"
/usr/bin/make -f CMakeFiles/cmTC_be191.dir/build.make CMakeFiles/cmTC_be191.dir/build
make[1]: Entering directory '/home/tapgar/eigen/build/CMakeFiles/CMakeTmp'
Building CXX object CMakeFiles/cmTC_be191.dir/src.cxx.o
/usr/bin/c++     -pedantic -Wall -Wextra -Wundef -Wcast-align -Wchar-subscripts -Wnon-virtual-dtor -Wunused-local-typedefs -Wpointer-arith -Wwrite-strings -DCOMPILER_SUPPORT_Wformatsecurity -Werror   -Wformat-security -o CMakeFiles/cmTC_be191.dir/src.cxx.o -c /home/tapgar/eigen/build/CMakeFiles/CMakeTmp/src.cxx
Linking CXX executable cmTC_be191
/usr/bin/cmake -E cmake_link_script CMakeFiles/cmTC_be191.dir/link.txt --verbose=1
/usr/bin/c++    -pedantic -Wall -Wextra -Wundef -Wcast-align -Wchar-subscripts -Wnon-virtual-dtor -Wunused-local-typedefs -Wpointer-arith -Wwrite-strings -DCOMPILER_SUPPORT_Wformatsecurity -Werror    CMakeFiles/cmTC_be191.dir/src.cxx.o  -o cmTC_be191 -rdynamic 
make[1]: Leaving directory '/home/tapgar/eigen/build/CMakeFiles/CMakeTmp'

Source file was:
int main() { return 0; }
Performing C++ SOURCE FILE Test COMPILER_SUPPORT_Wlogicalop succeeded with the following output:
Change Dir: /home/tapgar/eigen/build/CMakeFiles/CMakeTmp

Run Build Command:"/usr/bin/make" "cmTC_f58d7/fast"
/usr/bin/make -f CMakeFiles/cmTC_f58d7.dir/build.make CMakeFiles/cmTC_f58d7.dir/build
make[1]: Entering directory '/home/tapgar/eigen/build/CMakeFiles/CMakeTmp'
Building CXX object CMakeFiles/cmTC_f58d7.dir/src.cxx.o
/usr/bin/c++     -pedantic -Wall -Wextra -Wundef -Wcast-align -Wchar-subscripts -Wnon-virtual-dtor -Wunused-local-typedefs -Wpointer-arith -Wwrite-strings -Wformat-security -DCOMPILER_SUPPORT_Wlogicalop -Werror   -Wlogical-op -o CMakeFiles/cmTC_f58d7.dir/src.cxx.o -c /home/tapgar/eigen/build/CMakeFiles/CMakeTmp/src.cxx
Linking CXX executable cmTC_f58d7
/usr/bin/cmake -E cmake_link_script CMakeFiles/cmTC_f58d7.dir/link.txt --verbose=1
/usr/bin/c++    -pedantic -Wall -Wextra -Wundef -Wcast-align -Wchar-subscripts -Wnon-virtual-dtor -Wunused-local-typedefs -Wpointer-arith -Wwrite-strings -Wformat-security -DCOMPILER_SUPPORT_Wlogicalop -Werror    CMakeFiles/cmTC_f58d7.dir/src.cxx.o  -o cmTC_f58d7 -rdynamic 
make[1]: Leaving directory '/home/tapgar/eigen/build/CMakeFiles/CMakeTmp'

Source file was:
int main() { return 0; }
Performing C++ SOURCE FILE Test COMPILER_SUPPORT_Wdoublepromotion succeeded with the following output:
Change Dir: /home/tapgar/eigen/build/CMakeFiles/CMakeTmp

Run Build Command:"/usr/bin/make" "cmTC_f1b2e/fast"
/usr/bin/make -f CMakeFiles/cmTC_f1b2e.dir/build.make CMakeFiles/cmTC_f1b2e.dir/build
make[1]: Entering directory '/home/tapgar/eigen/build/CMakeFiles/CMakeTmp'
Building CXX object CMakeFiles/cmTC_f1b2e.dir/src.cxx.o
/usr/bin/c++     -pedantic -Wall -Wextra -Wundef -Wcast-align -Wchar-subscripts -Wnon-virtual-dtor -Wunused-local-typedefs -Wpointer-arith -Wwrite-strings -Wformat-security -Wlogical-op -DCOMPILER_SUPPORT_Wdoublepromotion -Werror   -Wdouble-promotion -o CMakeFiles/cmTC_f1b2e.dir/src.cxx.o -c /home/tapgar/eigen/build/CMakeFiles/CMakeTmp/src.cxx
Linking CXX executable cmTC_f1b2e
/usr/bin/cmake -E cmake_link_script CMakeFiles/cmTC_f1b2e.dir/link.txt --verbose=1
/usr/bin/c++    -pedantic -Wall -Wextra -Wundef -Wcast-align -Wchar-subscripts -Wnon-virtual-dtor -Wunused-local-typedefs -Wpointer-arith -Wwrite-strings -Wformat-security -Wlogical-op -DCOMPILER_SUPPORT_Wdoublepromotion -Werror    CMakeFiles/cmTC_f1b2e.dir/src.cxx.o  -o cmTC_f1b2e -rdynamic 
make[1]: Leaving directory '/home/tapgar/eigen/build/CMakeFiles/CMakeTmp'

Source file was:
int main() { return 0; }
Performing C++ SOURCE FILE Test COMPILER_SUPPORT_Wnopsabi succeeded with the following output:
Change Dir: /home/tapgar/eigen/build/CMakeFiles/CMakeTmp

Run Build Command:"/usr/bin/make" "cmTC_898c0/fast"
/usr/bin/make -f CMakeFiles/cmTC_898c0.dir/build.make CMakeFiles/cmTC_898c0.dir/build
make[1]: Entering directory '/home/tapgar/eigen/build/CMakeFiles/CMakeTmp'
Building CXX object CMakeFiles/cmTC_898c0.dir/src.cxx.o
/usr/bin/c++     -pedantic -Wall -Wextra -Wundef -Wcast-align -Wchar-subscripts -Wnon-virtual-dtor -Wunused-local-typedefs -Wpointer-arith -Wwrite-strings -Wformat-security -Wlogical-op -Wdouble-promotion -DCOMPILER_SUPPORT_Wnopsabi -Werror   -Wno-psabi -o CMakeFiles/cmTC_898c0.dir/src.cxx.o -c /home/tapgar/eigen/build/CMakeFiles/CMakeTmp/src.cxx
Linking CXX executable cmTC_898c0
/usr/bin/cmake -E cmake_link_script CMakeFiles/cmTC_898c0.dir/link.txt --verbose=1
/usr/bin/c++    -pedantic -Wall -Wextra -Wundef -Wcast-align -Wchar-subscripts -Wnon-virtual-dtor -Wunused-local-typedefs -Wpointer-arith -Wwrite-strings -Wformat-security -Wlogical-op -Wdouble-promotion -DCOMPILER_SUPPORT_Wnopsabi -Werror    CMakeFiles/cmTC_898c0.dir/src.cxx.o  -o cmTC_898c0 -rdynamic 
make[1]: Leaving directory '/home/tapgar/eigen/build/CMakeFiles/CMakeTmp'

Source file was:
int main() { return 0; }
Performing C++ SOURCE FILE Test COMPILER_SUPPORT_Wnovariadicmacros succeeded with the following output:
Change Dir: /home/tapgar/eigen/build/CMakeFiles/CMakeTmp

Run Build Command:"/usr/bin/make" "cmTC_e76c1/fast"
/usr/bin/make -f CMakeFiles/cmTC_e76c1.dir/build.make CMakeFiles/cmTC_e76c1.dir/build
make[1]: Entering directory '/home/tapgar/eigen/build/CMakeFiles/CMakeTmp'
Building CXX object CMakeFiles/cmTC_e76c1.dir/src.cxx.o
/usr/bin/c++     -pedantic -Wall -Wextra -Wundef -Wcast-align -Wchar-subscripts -Wnon-virtual-dtor -Wunused-local-typedefs -Wpointer-arith -Wwrite-strings -Wformat-security -Wlogical-op -Wdouble-promotion -Wno-psabi -DCOMPILER_SUPPORT_Wnovariadicmacros -Werror   -Wno-variadic-macros -o CMakeFiles/cmTC_e76c1.dir/src.cxx.o -c /home/tapgar/eigen/build/CMakeFiles/CMakeTmp/src.cxx
Linking CXX executable cmTC_e76c1
/usr/bin/cmake -E cmake_link_script CMakeFiles/cmTC_e76c1.dir/link.txt --verbose=1
/usr/bin/c++    -pedantic -Wall -Wextra -Wundef -Wcast-align -Wchar-subscripts -Wnon-virtual-dtor -Wunused-local-typedefs -Wpointer-arith -Wwrite-strings -Wformat-security -Wlogical-op -Wdouble-promotion -Wno-psabi -DCOMPILER_SUPPORT_Wnovariadicmacros -Werror    CMakeFiles/cmTC_e76c1.dir/src.cxx.o  -o cmTC_e76c1 -rdynamic 
make[1]: Leaving directory '/home/tapgar/eigen/build/CMakeFiles/CMakeTmp'

Source file was:
int main() { return 0; }
Performing C++ SOURCE FILE Test COMPILER_SUPPORT_Wnolonglong succeeded with the following output:
Change Dir: /home/tapgar/eigen/build/CMakeFiles/CMakeTmp

Run Build Command:"/usr/bin/make" "cmTC_1458f/fast"
/usr/bin/make -f CMakeFiles/cmTC_1458f.dir/build.make CMakeFiles/cmTC_1458f.dir/build
make[1]: Entering directory '/home/tapgar/eigen/build/CMakeFiles/CMakeTmp'
Building CXX object CMakeFiles/cmTC_1458f.dir/src.cxx.o
/usr/bin/c++     -pedantic -Wall -Wextra -Wundef -Wcast-align -Wchar-subscripts -Wnon-virtual-dtor -Wunused-local-typedefs -Wpointer-arith -Wwrite-strings -Wformat-security -Wlogical-op -Wdouble-promotion -Wno-psabi -Wno-variadic-macros -DCOMPILER_SUPPORT_Wnolonglong -Werror   -Wno-long-long -o CMakeFiles/cmTC_1458f.dir/src.cxx.o -c /home/tapgar/eigen/build/CMakeFiles/CMakeTmp/src.cxx
Linking CXX executable cmTC_1458f
/usr/bin/cmake -E cmake_link_script CMakeFiles/cmTC_1458f.dir/link.txt --verbose=1
/usr/bin/c++    -pedantic -Wall -Wextra -Wundef -Wcast-align -Wchar-subscripts -Wnon-virtual-dtor -Wunused-local-typedefs -Wpointer-arith -Wwrite-strings -Wformat-security -Wlogical-op -Wdouble-promotion -Wno-psabi -Wno-variadic-macros -DCOMPILER_SUPPORT_Wnolonglong -Werror    CMakeFiles/cmTC_1458f.dir/src.cxx.o  -o cmTC_1458f -rdynamic 
make[1]: Leaving directory '/home/tapgar/eigen/build/CMakeFiles/CMakeTmp'

Source file was:
int main() { return 0; }
Performing C++ SOURCE FILE Test COMPILER_SUPPORT_fnochecknew succeeded with the following output:
Change Dir: /home/tapgar/eigen/build/CMakeFiles/CMakeTmp

Run Build Command:"/usr/bin/make" "cmTC_b5db7/fast"
/usr/bin/make -f CMakeFiles/cmTC_b5db7.dir/build.make CMakeFiles/cmTC_b5db7.dir/build
make[1]: Entering directory '/home/tapgar/eigen/build/CMakeFiles/CMakeTmp'
Building CXX object CMakeFiles/cmTC_b5db7.dir/src.cxx.o
/usr/bin/c++     -pedantic -Wall -Wextra -Wundef -Wcast-align -Wchar-subscripts -Wnon-virtual-dtor -Wunused-local-typedefs -Wpointer-arith -Wwrite-strings -Wformat-security -Wlogical-op -Wdouble-promotion -Wno-psabi -Wno-variadic-macros -Wno-long-long -DCOMPILER_SUPPORT_fnochecknew -Werror   -fno-check-new -o CMakeFiles/cmTC_b5db7.dir/src.cxx.o -c /home/tapgar/eigen/build/CMakeFiles/CMakeTmp/src.cxx
Linking CXX executable cmTC_b5db7
/usr/bin/cmake -E cmake_link_script CMakeFiles/cmTC_b5db7.dir/link.txt --verbose=1
/usr/bin/c++    -pedantic -Wall -Wextra -Wundef -Wcast-align -Wchar-subscripts -Wnon-virtual-dtor -Wunused-local-typedefs -Wpointer-arith -Wwrite-strings -Wformat-security -Wlogical-op -Wdouble-promotion -Wno-psabi -Wno-variadic-macros -Wno-long-long -DCOMPILER_SUPPORT_fnochecknew -Werror    CMakeFiles/cmTC_b5db7.dir/src.cxx.o  -o cmTC_b5db7 -rdynamic 
make[1]: Leaving directory '/home/tapgar/eigen/build/CMakeFiles/CMakeTmp'

Source file was:
int main() { return 0; }
Performing C++ SOURCE FILE Test COMPILER_SUPPORT_fnocommon succeeded with the following output:
Change Dir: /home/tapgar/eigen/build/CMakeFiles/CMakeTmp

Run Build Command:"/usr/bin/make" "cmTC_570e7/fast"
/usr/bin/make -f CMakeFiles/cmTC_570e7.dir/build.make CMakeFiles/cmTC_570e7.dir/build
make[1]: Entering directory '/home/tapgar/eigen/build/CMakeFiles/CMakeTmp'
Building CXX object CMakeFiles/cmTC_570e7.dir/src.cxx.o
/usr/bin/c++     -pedantic -Wall -Wextra -Wundef -Wcast-align -Wchar-subscripts -Wnon-virtual-dtor -Wunused-local-typedefs -Wpointer-arith -Wwrite-strings -Wformat-security -Wlogical-op -Wdouble-promotion -Wno-psabi -Wno-variadic-macros -Wno-long-long -fno-check-new -DCOMPILER_SUPPORT_fnocommon -Werror   -fno-common -o CMakeFiles/cmTC_570e7.dir/src.cxx.o -c /home/tapgar/eigen/build/CMakeFiles/CMakeTmp/src.cxx
Linking CXX executable cmTC_570e7
/usr/bin/cmake -E cmake_link_script CMakeFiles/cmTC_570e7.dir/link.txt --verbose=1
/usr/bin/c++    -pedantic -Wall -Wextra -Wundef -Wcast-align -Wchar-subscripts -Wnon-virtual-dtor -Wunused-local-typedefs -Wpointer-arith -Wwrite-strings -Wformat-security -Wlogical-op -Wdouble-promotion -Wno-psabi -Wno-variadic-macros -Wno-long-long -fno-check-new -DCOMPILER_SUPPORT_fnocommon -Werror    CMakeFiles/cmTC_570e7.dir/src.cxx.o  -o cmTC_570e7 -rdynamic 
make[1]: Leaving directory '/home/tapgar/eigen/build/CMakeFiles/CMakeTmp'

Source file was:
int main() { return 0; }
Performing C++ SOURCE FILE Test COMPILER_SUPPORT_fstrictaliasing succeeded with the following output:
Change Dir: /home/tapgar/eigen/build/CMakeFiles/CMakeTmp

Run Build Command:"/usr/bin/make" "cmTC_501a2/fast"
/usr/bin/make -f CMakeFiles/cmTC_501a2.dir/build.make CMakeFiles/cmTC_501a2.dir/build
make[1]: Entering directory '/home/tapgar/eigen/build/CMakeFiles/CMakeTmp'
Building CXX object CMakeFiles/cmTC_501a2.dir/src.cxx.o
/usr/bin/c++     -pedantic -Wall -Wextra -Wundef -Wcast-align -Wchar-subscripts -Wnon-virtual-dtor -Wunused-local-typedefs -Wpointer-arith -Wwrite-strings -Wformat-security -Wlogical-op -Wdouble-promotion -Wno-psabi -Wno-variadic-macros -Wno-long-long -fno-check-new -fno-common -DCOMPILER_SUPPORT_fstrictaliasing -Werror   -fstrict-aliasing -o CMakeFiles/cmTC_501a2.dir/src.cxx.o -c /home/tapgar/eigen/build/CMakeFiles/CMakeTmp/src.cxx
Linking CXX executable cmTC_501a2
/usr/bin/cmake -E cmake_link_script CMakeFiles/cmTC_501a2.dir/link.txt --verbose=1
/usr/bin/c++    -pedantic -Wall -Wextra -Wundef -Wcast-align -Wchar-subscripts -Wnon-virtual-dtor -Wunused-local-typedefs -Wpointer-arith -Wwrite-strings -Wformat-security -Wlogical-op -Wdouble-promotion -Wno-psabi -Wno-variadic-macros -Wno-long-long -fno-check-new -fno-common -DCOMPILER_SUPPORT_fstrictaliasing -Werror    CMakeFiles/cmTC_501a2.dir/src.cxx.o  -o cmTC_501a2 -rdynamic 
make[1]: Leaving directory '/home/tapgar/eigen/build/CMakeFiles/CMakeTmp'

Source file was:
int main() { return 0; }
Performing C++ SOURCE FILE Test COMPILER_SUPPORT_ansi succeeded with the following output:
Change Dir: /home/tapgar/eigen/build/CMakeFiles/CMakeTmp

Run Build Command:"/usr/bin/make" "cmTC_35118/fast"
/usr/bin/make -f CMakeFiles/cmTC_35118.dir/build.make CMakeFiles/cmTC_35118.dir/build
make[1]: Entering directory '/home/tapgar/eigen/build/CMakeFiles/CMakeTmp'
Building CXX object CMakeFiles/cmTC_35118.dir/src.cxx.o
/usr/bin/c++     -pedantic -Wall -Wextra -Wundef -Wcast-align -Wchar-subscripts -Wnon-virtual-dtor -Wunused-local-typedefs -Wpointer-arith -Wwrite-strings -Wformat-security -Wlogical-op -Wdouble-promotion -Wno-psabi -Wno-variadic-macros -Wno-long-long -fno-check-new -fno-common -fstrict-aliasing -DCOMPILER_SUPPORT_ansi -Werror   -ansi -o CMakeFiles/cmTC_35118.dir/src.cxx.o -c /home/tapgar/eigen/build/CMakeFiles/CMakeTmp/src.cxx
Linking CXX executable cmTC_35118
/usr/bin/cmake -E cmake_link_script CMakeFiles/cmTC_35118.dir/link.txt --verbose=1
/usr/bin/c++    -pedantic -Wall -Wextra -Wundef -Wcast-align -Wchar-subscripts -Wnon-virtual-dtor -Wunused-local-typedefs -Wpointer-arith -Wwrite-strings -Wformat-security -Wlogical-op -Wdouble-promotion -Wno-psabi -Wno-variadic-macros -Wno-long-long -fno-check-new -fno-common -fstrict-aliasing -DCOMPILER_SUPPORT_ansi -Werror    CMakeFiles/cmTC_35118.dir/src.cxx.o  -o cmTC_35118 -rdynamic 
make[1]: Leaving directory '/home/tapgar/eigen/build/CMakeFiles/CMakeTmp'

Source file was:
int main() { return 0; }
Performing C++ SOURCE FILE Test COMPILER_SUPPORT_OPENMP succeeded with the following output:
Change Dir: /home/tapgar/eigen/build/CMakeFiles/CMakeTmp

Run Build Command:"/usr/bin/make" "cmTC_e1918/fast"
/usr/bin/make -f CMakeFiles/cmTC_e1918.dir/build.make CMakeFiles/cmTC_e1918.dir/build
make[1]: Entering directory '/home/tapgar/eigen/build/CMakeFiles/CMakeTmp'
Building CXX object CMakeFiles/cmTC_e1918.dir/src.cxx.o
/usr/bin/c++     -pedantic -Wall -Wextra -Wundef -Wcast-align -Wchar-subscripts -Wnon-virtual-dtor -Wunused-local-typedefs -Wpointer-arith -Wwrite-strings -Wformat-security -Wlogical-op -Wdouble-promotion -Wno-psabi -Wno-variadic-macros -Wno-long-long -fno-check-new -fno-common -fstrict-aliasing -ansi -DCOMPILER_SUPPORT_OPENMP   -fopenmp -o CMakeFiles/cmTC_e1918.dir/src.cxx.o -c /home/tapgar/eigen/build/CMakeFiles/CMakeTmp/src.cxx
Linking CXX executable cmTC_e1918
/usr/bin/cmake -E cmake_link_script CMakeFiles/cmTC_e1918.dir/link.txt --verbose=1
/usr/bin/c++    -pedantic -Wall -Wextra -Wundef -Wcast-align -Wchar-subscripts -Wnon-virtual-dtor -Wunused-local-typedefs -Wpointer-arith -Wwrite-strings -Wformat-security -Wlogical-op -Wdouble-promotion -Wno-psabi -Wno-variadic-macros -Wno-long-long -fno-check-new -fno-common -fstrict-aliasing -ansi -DCOMPILER_SUPPORT_OPENMP    CMakeFiles/cmTC_e1918.dir/src.cxx.o  -o cmTC_e1918 -rdynamic 
make[1]: Leaving directory '/home/tapgar/eigen/build/CMakeFiles/CMakeTmp'

Source file was:
int main() { return 0; }
Performing C++ SOURCE FILE Test EIGEN_COMPILER_SUPPORT_CPP11 succeeded with the following output:
Change Dir: /home/tapgar/eigen/build/CMakeFiles/CMakeTmp

Run Build Command:"/usr/bin/make" "cmTC_d069e/fast"
/usr/bin/make -f CMakeFiles/cmTC_d069e.dir/build.make CMakeFiles/cmTC_d069e.dir/build
make[1]: Entering directory '/home/tapgar/eigen/build/CMakeFiles/CMakeTmp'
Building CXX object CMakeFiles/cmTC_d069e.dir/src.cxx.o
/usr/bin/c++     -pedantic -Wall -Wextra -Wundef -Wcast-align -Wchar-subscripts -Wnon-virtual-dtor -Wunused-local-typedefs -Wpointer-arith -Wwrite-strings -Wformat-security -Wlogical-op -Wdouble-promotion -Wno-psabi -Wno-variadic-macros -Wno-long-long -fno-check-new -fno-common -fstrict-aliasing -ansi -O1 -g1 -DEIGEN_COMPILER_SUPPORT_CPP11   -std=c++11 -o CMakeFiles/cmTC_d069e.dir/src.cxx.o -c /home/tapgar/eigen/build/CMakeFiles/CMakeTmp/src.cxx
Linking CXX executable cmTC_d069e
/usr/bin/cmake -E cmake_link_script CMakeFiles/cmTC_d069e.dir/link.txt --verbose=1
/usr/bin/c++    -pedantic -Wall -Wextra -Wundef -Wcast-align -Wchar-subscripts -Wnon-virtual-dtor -Wunused-local-typedefs -Wpointer-arith -Wwrite-strings -Wformat-security -Wlogical-op -Wdouble-promotion -Wno-psabi -Wno-variadic-macros -Wno-long-long -fno-check-new -fno-common -fstrict-aliasing -ansi -O1 -g1 -DEIGEN_COMPILER_SUPPORT_CPP11    CMakeFiles/cmTC_d069e.dir/src.cxx.o  -o cmTC_d069e -rdynamic 
make[1]: Leaving directory '/home/tapgar/eigen/build/CMakeFiles/CMakeTmp'

Source file was:
int main() { return 0; }
Determining if the Q_WS_X11 exist passed with the following output:
Change Dir: /home/tapgar/eigen/build/CMakeFiles/CMakeTmp

Run Build Command:"/usr/bin/make" "cmTC_29be9/fast"
/usr/bin/make -f CMakeFiles/cmTC_29be9.dir/build.make CMakeFiles/cmTC_29be9.dir/build
make[1]: Entering directory '/home/tapgar/eigen/build/CMakeFiles/CMakeTmp'
Building CXX object CMakeFiles/cmTC_29be9.dir/CheckSymbolExists.cxx.o
/usr/bin/c++    -I/usr/include/qt4  -pedantic -Wall -Wextra -Wundef -Wcast-align -Wchar-subscripts -Wnon-virtual-dtor -Wunused-local-typedefs -Wpointer-arith -Wwrite-strings -Wformat-security -Wlogical-op -Wdouble-promotion -Wno-psabi -Wno-variadic-macros -Wno-long-long -fno-check-new -fno-common -fstrict-aliasing -ansi -O1 -g1    -o CMakeFiles/cmTC_29be9.dir/CheckSymbolExists.cxx.o -c /home/tapgar/eigen/build/CMakeFiles/CMakeTmp/CheckSymbolExists.cxx
Linking CXX executable cmTC_29be9
/usr/bin/cmake -E cmake_link_script CMakeFiles/cmTC_29be9.dir/link.txt --verbose=1
/usr/bin/c++    -pedantic -Wall -Wextra -Wundef -Wcast-align -Wchar-subscripts -Wnon-virtual-dtor -Wunused-local-typedefs -Wpointer-arith -Wwrite-strings -Wformat-security -Wlogical-op -Wdouble-promotion -Wno-psabi -Wno-variadic-macros -Wno-long-long -fno-check-new -fno-common -fstrict-aliasing -ansi -O1 -g1     CMakeFiles/cmTC_29be9.dir/CheckSymbolExists.cxx.o  -o cmTC_29be9 -rdynamic 
make[1]: Leaving directory '/home/tapgar/eigen/build/CMakeFiles/CMakeTmp'

File /home/tapgar/eigen/build/CMakeFiles/CMakeTmp/CheckSymbolExists.cxx:
/* */
#include <QtCore/qglobal.h>

int main(int argc, char** argv)
{
  (void)argv;
#ifndef Q_WS_X11
  return ((int*)(&Q_WS_X11))[argc];
#else
  (void)argc;
  return 0;
#endif
}

Performing C++ SOURCE FILE Test EIGEN_COMPILER_SUPPORT_CXX11 succeeded with the following output:
Change Dir: /home/tapgar/eigen/build/CMakeFiles/CMakeTmp

Run Build Command:"/usr/bin/make" "cmTC_b2524/fast"
/usr/bin/make -f CMakeFiles/cmTC_b2524.dir/build.make CMakeFiles/cmTC_b2524.dir/build
make[1]: Entering directory '/home/tapgar/eigen/build/CMakeFiles/CMakeTmp'
Building CXX object CMakeFiles/cmTC_b2524.dir/src.cxx.o
/usr/bin/c++     -pedantic -Wall -Wextra -Wundef -Wcast-align -Wchar-subscripts -Wnon-virtual-dtor -Wunused-local-typedefs -Wpointer-arith -Wwrite-strings -Wformat-security -Wlogical-op -Wdouble-promotion -Wno-psabi -Wno-variadic-macros -Wno-long-long -fno-check-new -fno-common -fstrict-aliasing -ansi -DEIGEN_COMPILER_SUPPORT_CXX11   -std=c++11 -o CMakeFiles/cmTC_b2524.dir/src.cxx.o -c /home/tapgar/eigen/build/CMakeFiles/CMakeTmp/src.cxx
Linking CXX executable cmTC_b2524
/usr/bin/cmake -E cmake_link_script CMakeFiles/cmTC_b2524.dir/link.txt --verbose=1
/usr/bin/c++    -pedantic -Wall -Wextra -Wundef -Wcast-align -Wchar-subscripts -Wnon-virtual-dtor -Wunused-local-typedefs -Wpointer-arith -Wwrite-strings -Wformat-security -Wlogical-op -Wdouble-promotion -Wno-psabi -Wno-variadic-macros -Wno-long-long -fno-check-new -fno-common -fstrict-aliasing -ansi -DEIGEN_COMPILER_SUPPORT_CXX11    CMakeFiles/cmTC_b2524.dir/src.cxx.o  -o cmTC_b2524 -rdynamic 
make[1]: Leaving directory '/home/tapgar/eigen/build/CMakeFiles/CMakeTmp'

Source file was:
int main() { return 0; }
Compiling the Fortran compiler identification source file "CMakeFortranCompilerId.F" succeeded.
Compiler: /usr/bin/gfortran 
Build flags: 
Id flags: -v

The output was:
0
Driving: /usr/bin/gfortran -v CMakeFortranCompilerId.F -l gfortran -l m -shared-libgcc
Using built-in specs.
COLLECT_GCC=/usr/bin/gfortran
COLLECT_LTO_WRAPPER=/usr/lib/gcc/x86_64-linux-gnu/5/lto-wrapper
Target: x86_64-linux-gnu
Configured with: ../src/configure -v --with-pkgversion='Ubuntu 5.4.0-6ubuntu1~16.04.4' --with-bugurl=file:///usr/share/doc/gcc-5/README.Bugs --enable-languages=c,ada,c++,java,go,d,fortran,objc,obj-c++ --prefix=/usr --program-suffix=-5 --enable-shared --enable-linker-build-id --libexecdir=/usr/lib --without-included-gettext --enable-threads=posix --libdir=/usr/lib --enable-nls --with-sysroot=/ --enable-clocale=gnu --enable-libstdcxx-debug --enable-libstdcxx-time=yes --with-default-libstdcxx-abi=new --enable-gnu-unique-object --disable-vtable-verify --enable-libmpx --enable-plugin --with-system-zlib --disable-browser-plugin --enable-java-awt=gtk --enable-gtk-cairo --with-java-home=/usr/lib/jvm/java-1.5.0-gcj-5-amd64/jre --enable-java-home --with-jvm-root-dir=/usr/lib/jvm/java-1.5.0-gcj-5-amd64 --with-jvm-jar-dir=/usr/lib/jvm-exports/java-1.5.0-gcj-5-amd64 --with-arch-directory=amd64 --with-ecj-jar=/usr/share/java/eclipse-ecj.jar --enable-objc-gc --enable-multiarch --disable-werror --with-arch-32=i686 --with-abi=m64 --with-multilib-list=m32,m64,mx32 --enable-multilib --with-tune=generic --enable-checking=release --build=x86_64-linux-gnu --host=x86_64-linux-gnu --target=x86_64-linux-gnu
Thread model: posix
gcc version 5.4.0 20160609 (Ubuntu 5.4.0-6ubuntu1~16.04.4) 
COLLECT_GCC_OPTIONS='-v' '-shared-libgcc' '-mtune=generic' '-march=x86-64'
 /usr/lib/gcc/x86_64-linux-gnu/5/f951 CMakeFortranCompilerId.F -ffixed-form -cpp=/tmp/cczmYF9h.f90 -quiet -v -imultiarch x86_64-linux-gnu CMakeFortranCompilerId.F -quiet -dumpbase CMakeFortranCompilerId.F -mtune=generic -march=x86-64 -auxbase CMakeFortranCompilerId -version -fintrinsic-modules-path /usr/lib/gcc/x86_64-linux-gnu/5/finclude -o /tmp/ccmqKfig.s
GNU Fortran (Ubuntu 5.4.0-6ubuntu1~16.04.4) version 5.4.0 20160609 (x86_64-linux-gnu)
	compiled by GNU C version 5.4.0 20160609, GMP version 6.1.0, MPFR version 3.1.4, MPC version 1.0.3
GGC heuristics: --param ggc-min-expand=100 --param ggc-min-heapsize=131072
ignoring nonexistent directory "/usr/local/include/x86_64-linux-gnu"
ignoring nonexistent directory "/usr/lib/gcc/x86_64-linux-gnu/5/../../../../x86_64-linux-gnu/include"
#include "..." search starts here:
#include <...> search starts here:
 /usr/lib/gcc/x86_64-linux-gnu/5/finclude
 /usr/lib/gcc/x86_64-linux-gnu/5/include
 /usr/local/include
 /usr/lib/gcc/x86_64-linux-gnu/5/include-fixed
 /usr/include/x86_64-linux-gnu
 /usr/include
End of search list.
GNU Fortran2008 (Ubuntu 5.4.0-6ubuntu1~16.04.4) version 5.4.0 20160609 (x86_64-linux-gnu)
	compiled by GNU C version 5.4.0 20160609, GMP version 6.1.0, MPFR version 3.1.4, MPC version 1.0.3
GGC heuristics: --param ggc-min-expand=100 --param ggc-min-heapsize=131072
COLLECT_GCC_OPTIONS='-v' '-shared-libgcc' '-mtune=generic' '-march=x86-64'
 as -v --64 -o /tmp/ccj5Ohve.o /tmp/ccmqKfig.s
GNU assembler version 2.26.1 (x86_64-linux-gnu) using BFD version (GNU Binutils for Ubuntu) 2.26.1
Reading specs from /usr/lib/gcc/x86_64-linux-gnu/5/libgfortran.spec
rename spec lib to liborig
COLLECT_GCC_OPTIONS='-v' '-shared-libgcc' '-mtune=generic' '-march=x86-64'
COMPILER_PATH=/usr/lib/gcc/x86_64-linux-gnu/5/:/usr/lib/gcc/x86_64-linux-gnu/5/:/usr/lib/gcc/x86_64-linux-gnu/:/usr/lib/gcc/x86_64-linux-gnu/5/:/usr/lib/gcc/x86_64-linux-gnu/
LIBRARY_PATH=/usr/lib/gcc/x86_64-linux-gnu/5/:/usr/lib/gcc/x86_64-linux-gnu/5/../../../x86_64-linux-gnu/:/usr/lib/gcc/x86_64-linux-gnu/5/../../../../lib/:/lib/x86_64-linux-gnu/:/lib/../lib/:/usr/lib/x86_64-linux-gnu/:/usr/lib/../lib/:/usr/lib/gcc/x86_64-linux-gnu/5/../../../:/lib/:/usr/lib/
COLLECT_GCC_OPTIONS='-v' '-shared-libgcc' '-mtune=generic' '-march=x86-64'
 /usr/lib/gcc/x86_64-linux-gnu/5/collect2 -plugin /usr/lib/gcc/x86_64-linux-gnu/5/liblto_plugin.so -plugin-opt=/usr/lib/gcc/x86_64-linux-gnu/5/lto-wrapper -plugin-opt=-fresolution=/tmp/cc2I0hJc.res -plugin-opt=-pass-through=-lgcc_s -plugin-opt=-pass-through=-lgcc -plugin-opt=-pass-through=-lquadmath -plugin-opt=-pass-through=-lm -plugin-opt=-pass-through=-lgcc_s -plugin-opt=-pass-through=-lgcc -plugin-opt=-pass-through=-lc -plugin-opt=-pass-through=-lgcc_s -plugin-opt=-pass-through=-lgcc --sysroot=/ --build-id --eh-frame-hdr -m elf_x86_64 --hash-style=gnu --as-needed -dynamic-linker /lib64/ld-linux-x86-64.so.2 -z relro /usr/lib/gcc/x86_64-linux-gnu/5/../../../x86_64-linux-gnu/crt1.o /usr/lib/gcc/x86_64-linux-gnu/5/../../../x86_64-linux-gnu/crti.o /usr/lib/gcc/x86_64-linux-gnu/5/crtbegin.o -L/usr/lib/gcc/x86_64-linux-gnu/5 -L/usr/lib/gcc/x86_64-linux-gnu/5/../../../x86_64-linux-gnu -L/usr/lib/gcc/x86_64-linux-gnu/5/../../../../lib -L/lib/x86_64-linux-gnu -L/lib/../lib -L/usr/lib/x86_64-linux-gnu -L/usr/lib/../lib -L/usr/lib/gcc/x86_64-linux-gnu/5/../../.. /tmp/ccj5Ohve.o -lgfortran -lm -lgcc_s -lgcc -lquadmath -lm -lgcc_s -lgcc -lc -lgcc_s -lgcc /usr/lib/gcc/x86_64-linux-gnu/5/crtend.o /usr/lib/gcc/x86_64-linux-gnu/5/../../../x86_64-linux-gnu/crtn.o


Compilation of the Fortran compiler identification source "CMakeFortranCompilerId.F" produced "a.out"

The Fortran compiler identification is GNU, found in "/home/tapgar/eigen/build/CMakeFiles/3.5.1/CompilerIdFortran/a.out"

Determining if the Fortran compiler works passed with the following output:
Change Dir: /home/tapgar/eigen/build/CMakeFiles/CMakeTmp

Run Build Command:"/usr/bin/make" "cmTC_8fe3c/fast"
/usr/bin/make -f CMakeFiles/cmTC_8fe3c.dir/build.make CMakeFiles/cmTC_8fe3c.dir/build
make[1]: Entering directory '/home/tapgar/eigen/build/CMakeFiles/CMakeTmp'
Building Fortran object CMakeFiles/cmTC_8fe3c.dir/testFortranCompiler.f.o
/usr/bin/gfortran     -c /home/tapgar/eigen/build/CMakeFiles/CMakeTmp/testFortranCompiler.f -o CMakeFiles/cmTC_8fe3c.dir/testFortranCompiler.f.o
Linking Fortran executable cmTC_8fe3c
/usr/bin/cmake -E cmake_link_script CMakeFiles/cmTC_8fe3c.dir/link.txt --verbose=1
/usr/bin/gfortran       CMakeFiles/cmTC_8fe3c.dir/testFortranCompiler.f.o  -o cmTC_8fe3c  
make[1]: Leaving directory '/home/tapgar/eigen/build/CMakeFiles/CMakeTmp'


Detecting Fortran compiler ABI info compiled with the following output:
Change Dir: /home/tapgar/eigen/build/CMakeFiles/CMakeTmp

Run Build Command:"/usr/bin/make" "cmTC_a8003/fast"
/usr/bin/make -f CMakeFiles/cmTC_a8003.dir/build.make CMakeFiles/cmTC_a8003.dir/build
make[1]: Entering directory '/home/tapgar/eigen/build/CMakeFiles/CMakeTmp'
Building Fortran object CMakeFiles/cmTC_a8003.dir/CMakeFortranCompilerABI.F.o
/usr/bin/gfortran     -c /usr/share/cmake-3.5/Modules/CMakeFortranCompilerABI.F -o CMakeFiles/cmTC_a8003.dir/CMakeFortranCompilerABI.F.o
Linking Fortran executable cmTC_a8003
/usr/bin/cmake -E cmake_link_script CMakeFiles/cmTC_a8003.dir/link.txt --verbose=1
/usr/bin/gfortran    -v   CMakeFiles/cmTC_a8003.dir/CMakeFortranCompilerABI.F.o  -o cmTC_a8003   
Driving: /usr/bin/gfortran -v CMakeFiles/cmTC_a8003.dir/CMakeFortranCompilerABI.F.o -o cmTC_a8003 -l gfortran -l m -shared-libgcc
Using built-in specs.
COLLECT_GCC=/usr/bin/gfortran
COLLECT_LTO_WRAPPER=/usr/lib/gcc/x86_64-linux-gnu/5/lto-wrapper
Target: x86_64-linux-gnu
Configured with: ../src/configure -v --with-pkgversion='Ubuntu 5.4.0-6ubuntu1~16.04.4' --with-bugurl=file:///usr/share/doc/gcc-5/README.Bugs --enable-languages=c,ada,c++,java,go,d,fortran,objc,obj-c++ --prefix=/usr --program-suffix=-5 --enable-shared --enable-linker-build-id --libexecdir=/usr/lib --without-included-gettext --enable-threads=posix --libdir=/usr/lib --enable-nls --with-sysroot=/ --enable-clocale=gnu --enable-libstdcxx-debug --enable-libstdcxx-time=yes --with-default-libstdcxx-abi=new --enable-gnu-unique-object --disable-vtable-verify --enable-libmpx --enable-plugin --with-system-zlib --disable-browser-plugin --enable-java-awt=gtk --enable-gtk-cairo --with-java-home=/usr/lib/jvm/java-1.5.0-gcj-5-amd64/jre --enable-java-home --with-jvm-root-dir=/usr/lib/jvm/java-1.5.0-gcj-5-amd64 --with-jvm-jar-dir=/usr/lib/jvm-exports/java-1.5.0-gcj-5-amd64 --with-arch-directory=amd64 --with-ecj-jar=/usr/share/java/eclipse-ecj.jar --enable-objc-gc --enable-multiarch --disable-werror --with-arch-32=i686 --with-abi=m64 --with-multilib-list=m32,m64,mx32 --enable-multilib --with-tune=generic --enable-checking=release --build=x86_64-linux-gnu --host=x86_64-linux-gnu --target=x86_64-linux-gnu
Thread model: posix
gcc version 5.4.0 20160609 (Ubuntu 5.4.0-6ubuntu1~16.04.4) 
Reading specs from /usr/lib/gcc/x86_64-linux-gnu/5/libgfortran.spec
rename spec lib to liborig
COLLECT_GCC_OPTIONS='-v' '-o' 'cmTC_a8003' '-shared-libgcc' '-mtune=generic' '-march=x86-64'
COMPILER_PATH=/usr/lib/gcc/x86_64-linux-gnu/5/:/usr/lib/gcc/x86_64-linux-gnu/5/:/usr/lib/gcc/x86_64-linux-gnu/:/usr/lib/gcc/x86_64-linux-gnu/5/:/usr/lib/gcc/x86_64-linux-gnu/
LIBRARY_PATH=/usr/lib/gcc/x86_64-linux-gnu/5/:/usr/lib/gcc/x86_64-linux-gnu/5/../../../x86_64-linux-gnu/:/usr/lib/gcc/x86_64-linux-gnu/5/../../../../lib/:/lib/x86_64-linux-gnu/:/lib/../lib/:/usr/lib/x86_64-linux-gnu/:/usr/lib/../lib/:/usr/lib/gcc/x86_64-linux-gnu/5/../../../:/lib/:/usr/lib/
COLLECT_GCC_OPTIONS='-v' '-o' 'cmTC_a8003' '-shared-libgcc' '-mtune=generic' '-march=x86-64'
 /usr/lib/gcc/x86_64-linux-gnu/5/collect2 -plugin /usr/lib/gcc/x86_64-linux-gnu/5/liblto_plugin.so -plugin-opt=/usr/lib/gcc/x86_64-linux-gnu/5/lto-wrapper -plugin-opt=-fresolution=/tmp/ccJRjP4v.res -plugin-opt=-pass-through=-lgcc_s -plugin-opt=-pass-through=-lgcc -plugin-opt=-pass-through=-lquadmath -plugin-opt=-pass-through=-lm -plugin-opt=-pass-through=-lgcc_s -plugin-opt=-pass-through=-lgcc -plugin-opt=-pass-through=-lc -plugin-opt=-pass-through=-lgcc_s -plugin-opt=-pass-through=-lgcc --sysroot=/ --build-id --eh-frame-hdr -m elf_x86_64 --hash-style=gnu --as-needed -dynamic-linker /lib64/ld-linux-x86-64.so.2 -z relro -o cmTC_a8003 /usr/lib/gcc/x86_64-linux-gnu/5/../../../x86_64-linux-gnu/crt1.o /usr/lib/gcc/x86_64-linux-gnu/5/../../../x86_64-linux-gnu/crti.o /usr/lib/gcc/x86_64-linux-gnu/5/crtbegin.o -L/usr/lib/gcc/x86_64-linux-gnu/5 -L/usr/lib/gcc/x86_64-linux-gnu/5/../../../x86_64-linux-gnu -L/usr/lib/gcc/x86_64-linux-gnu/5/../../../../lib -L/lib/x86_64-linux-gnu -L/lib/../lib -L/usr/lib/x86_64-linux-gnu -L/usr/lib/../lib -L/usr/lib/gcc/x86_64-linux-gnu/5/../../.. CMakeFiles/cmTC_a8003.dir/CMakeFortranCompilerABI.F.o -lgfortran -lm -lgcc_s -lgcc -lquadmath -lm -lgcc_s -lgcc -lc -lgcc_s -lgcc /usr/lib/gcc/x86_64-linux-gnu/5/crtend.o /usr/lib/gcc/x86_64-linux-gnu/5/../../../x86_64-linux-gnu/crtn.o
make[1]: Leaving directory '/home/tapgar/eigen/build/CMakeFiles/CMakeTmp'


Parsed Fortran implicit link information from above output:
  link line regex: [^( *|.*[/\])(ld|([^/\]+-)?ld|collect2)[^/\]*( |$)]
  ignore line: [Change Dir: /home/tapgar/eigen/build/CMakeFiles/CMakeTmp]
  ignore line: []
  ignore line: [Run Build Command:"/usr/bin/make" "cmTC_a8003/fast"]
  ignore line: [/usr/bin/make -f CMakeFiles/cmTC_a8003.dir/build.make CMakeFiles/cmTC_a8003.dir/build]
  ignore line: [make[1]: Entering directory '/home/tapgar/eigen/build/CMakeFiles/CMakeTmp']
  ignore line: [Building Fortran object CMakeFiles/cmTC_a8003.dir/CMakeFortranCompilerABI.F.o]
  ignore line: [/usr/bin/gfortran     -c /usr/share/cmake-3.5/Modules/CMakeFortranCompilerABI.F -o CMakeFiles/cmTC_a8003.dir/CMakeFortranCompilerABI.F.o]
  ignore line: [Linking Fortran executable cmTC_a8003]
  ignore line: [/usr/bin/cmake -E cmake_link_script CMakeFiles/cmTC_a8003.dir/link.txt --verbose=1]
  ignore line: [/usr/bin/gfortran    -v   CMakeFiles/cmTC_a8003.dir/CMakeFortranCompilerABI.F.o  -o cmTC_a8003   ]
  ignore line: [Driving: /usr/bin/gfortran -v CMakeFiles/cmTC_a8003.dir/CMakeFortranCompilerABI.F.o -o cmTC_a8003 -l gfortran -l m -shared-libgcc]
  ignore line: [Using built-in specs.]
  ignore line: [COLLECT_GCC=/usr/bin/gfortran]
  ignore line: [COLLECT_LTO_WRAPPER=/usr/lib/gcc/x86_64-linux-gnu/5/lto-wrapper]
  ignore line: [Target: x86_64-linux-gnu]
  ignore line: [Configured with: ../src/configure -v --with-pkgversion='Ubuntu 5.4.0-6ubuntu1~16.04.4' --with-bugurl=file:///usr/share/doc/gcc-5/README.Bugs --enable-languages=c,ada,c++,java,go,d,fortran,objc,obj-c++ --prefix=/usr --program-suffix=-5 --enable-shared --enable-linker-build-id --libexecdir=/usr/lib --without-included-gettext --enable-threads=posix --libdir=/usr/lib --enable-nls --with-sysroot=/ --enable-clocale=gnu --enable-libstdcxx-debug --enable-libstdcxx-time=yes --with-default-libstdcxx-abi=new --enable-gnu-unique-object --disable-vtable-verify --enable-libmpx --enable-plugin --with-system-zlib --disable-browser-plugin --enable-java-awt=gtk --enable-gtk-cairo --with-java-home=/usr/lib/jvm/java-1.5.0-gcj-5-amd64/jre --enable-java-home --with-jvm-root-dir=/usr/lib/jvm/java-1.5.0-gcj-5-amd64 --with-jvm-jar-dir=/usr/lib/jvm-exports/java-1.5.0-gcj-5-amd64 --with-arch-directory=amd64 --with-ecj-jar=/usr/share/java/eclipse-ecj.jar --enable-objc-gc --enable-multiarch --disable-werror --with-arch-32=i686 --with-abi=m64 --with-multilib-list=m32,m64,mx32 --enable-multilib --with-tune=generic --enable-checking=release --build=x86_64-linux-gnu --host=x86_64-linux-gnu --target=x86_64-linux-gnu]
  ignore line: [Thread model: posix]
  ignore line: [gcc version 5.4.0 20160609 (Ubuntu 5.4.0-6ubuntu1~16.04.4) ]
  ignore line: [Reading specs from /usr/lib/gcc/x86_64-linux-gnu/5/libgfortran.spec]
  ignore line: [rename spec lib to liborig]
  ignore line: [COLLECT_GCC_OPTIONS='-v' '-o' 'cmTC_a8003' '-shared-libgcc' '-mtune=generic' '-march=x86-64']
  ignore line: [COMPILER_PATH=/usr/lib/gcc/x86_64-linux-gnu/5/:/usr/lib/gcc/x86_64-linux-gnu/5/:/usr/lib/gcc/x86_64-linux-gnu/:/usr/lib/gcc/x86_64-linux-gnu/5/:/usr/lib/gcc/x86_64-linux-gnu/]
  ignore line: [LIBRARY_PATH=/usr/lib/gcc/x86_64-linux-gnu/5/:/usr/lib/gcc/x86_64-linux-gnu/5/../../../x86_64-linux-gnu/:/usr/lib/gcc/x86_64-linux-gnu/5/../../../../lib/:/lib/x86_64-linux-gnu/:/lib/../lib/:/usr/lib/x86_64-linux-gnu/:/usr/lib/../lib/:/usr/lib/gcc/x86_64-linux-gnu/5/../../../:/lib/:/usr/lib/]
  ignore line: [COLLECT_GCC_OPTIONS='-v' '-o' 'cmTC_a8003' '-shared-libgcc' '-mtune=generic' '-march=x86-64']
  link line: [ /usr/lib/gcc/x86_64-linux-gnu/5/collect2 -plugin /usr/lib/gcc/x86_64-linux-gnu/5/liblto_plugin.so -plugin-opt=/usr/lib/gcc/x86_64-linux-gnu/5/lto-wrapper -plugin-opt=-fresolution=/tmp/ccJRjP4v.res -plugin-opt=-pass-through=-lgcc_s -plugin-opt=-pass-through=-lgcc -plugin-opt=-pass-through=-lquadmath -plugin-opt=-pass-through=-lm -plugin-opt=-pass-through=-lgcc_s -plugin-opt=-pass-through=-lgcc -plugin-opt=-pass-through=-lc -plugin-opt=-pass-through=-lgcc_s -plugin-opt=-pass-through=-lgcc --sysroot=/ --build-id --eh-frame-hdr -m elf_x86_64 --hash-style=gnu --as-needed -dynamic-linker /lib64/ld-linux-x86-64.so.2 -z relro -o cmTC_a8003 /usr/lib/gcc/x86_64-linux-gnu/5/../../../x86_64-linux-gnu/crt1.o /usr/lib/gcc/x86_64-linux-gnu/5/../../../x86_64-linux-gnu/crti.o /usr/lib/gcc/x86_64-linux-gnu/5/crtbegin.o -L/usr/lib/gcc/x86_64-linux-gnu/5 -L/usr/lib/gcc/x86_64-linux-gnu/5/../../../x86_64-linux-gnu -L/usr/lib/gcc/x86_64-linux-gnu/5/../../../../lib -L/lib/x86_64-linux-gnu -L/lib/../lib -L/usr/lib/x86_64-linux-gnu -L/usr/lib/../lib -L/usr/lib/gcc/x86_64-linux-gnu/5/../../.. CMakeFiles/cmTC_a8003.dir/CMakeFortranCompilerABI.F.o -lgfortran -lm -lgcc_s -lgcc -lquadmath -lm -lgcc_s -lgcc -lc -lgcc_s -lgcc /usr/lib/gcc/x86_64-linux-gnu/5/crtend.o /usr/lib/gcc/x86_64-linux-gnu/5/../../../x86_64-linux-gnu/crtn.o]
    arg [/usr/lib/gcc/x86_64-linux-gnu/5/collect2] ==> ignore
    arg [-plugin] ==> ignore
    arg [/usr/lib/gcc/x86_64-linux-gnu/5/liblto_plugin.so] ==> ignore
    arg [-plugin-opt=/usr/lib/gcc/x86_64-linux-gnu/5/lto-wrapper] ==> ignore
    arg [-plugin-opt=-fresolution=/tmp/ccJRjP4v.res] ==> ignore
    arg [-plugin-opt=-pass-through=-lgcc_s] ==> ignore
    arg [-plugin-opt=-pass-through=-lgcc] ==> ignore
    arg [-plugin-opt=-pass-through=-lquadmath] ==> ignore
    arg [-plugin-opt=-pass-through=-lm] ==> ignore
    arg [-plugin-opt=-pass-through=-lgcc_s] ==> ignore
    arg [-plugin-opt=-pass-through=-lgcc] ==> ignore
    arg [-plugin-opt=-pass-through=-lc] ==> ignore
    arg [-plugin-opt=-pass-through=-lgcc_s] ==> ignore
    arg [-plugin-opt=-pass-through=-lgcc] ==> ignore
    arg [--sysroot=/] ==> ignore
    arg [--build-id] ==> ignore
    arg [--eh-frame-hdr] ==> ignore
    arg [-m] ==> ignore
    arg [elf_x86_64] ==> ignore
    arg [--hash-style=gnu] ==> ignore
    arg [--as-needed] ==> ignore
    arg [-dynamic-linker] ==> ignore
    arg [/lib64/ld-linux-x86-64.so.2] ==> ignore
    arg [-zrelro] ==> ignore
    arg [-o] ==> ignore
    arg [cmTC_a8003] ==> ignore
    arg [/usr/lib/gcc/x86_64-linux-gnu/5/../../../x86_64-linux-gnu/crt1.o] ==> ignore
    arg [/usr/lib/gcc/x86_64-linux-gnu/5/../../../x86_64-linux-gnu/crti.o] ==> ignore
    arg [/usr/lib/gcc/x86_64-linux-gnu/5/crtbegin.o] ==> ignore
    arg [-L/usr/lib/gcc/x86_64-linux-gnu/5] ==> dir [/usr/lib/gcc/x86_64-linux-gnu/5]
    arg [-L/usr/lib/gcc/x86_64-linux-gnu/5/../../../x86_64-linux-gnu] ==> dir [/usr/lib/gcc/x86_64-linux-gnu/5/../../../x86_64-linux-gnu]
    arg [-L/usr/lib/gcc/x86_64-linux-gnu/5/../../../../lib] ==> dir [/usr/lib/gcc/x86_64-linux-gnu/5/../../../../lib]
    arg [-L/lib/x86_64-linux-gnu] ==> dir [/lib/x86_64-linux-gnu]
    arg [-L/lib/../lib] ==> dir [/lib/../lib]
    arg [-L/usr/lib/x86_64-linux-gnu] ==> dir [/usr/lib/x86_64-linux-gnu]
    arg [-L/usr/lib/../lib] ==> dir [/usr/lib/../lib]
    arg [-L/usr/lib/gcc/x86_64-linux-gnu/5/../../..] ==> dir [/usr/lib/gcc/x86_64-linux-gnu/5/../../..]
    arg [CMakeFiles/cmTC_a8003.dir/CMakeFortranCompilerABI.F.o] ==> ignore
    arg [-lgfortran] ==> lib [gfortran]
    arg [-lm] ==> lib [m]
    arg [-lgcc_s] ==> lib [gcc_s]
    arg [-lgcc] ==> lib [gcc]
    arg [-lquadmath] ==> lib [quadmath]
    arg [-lm] ==> lib [m]
    arg [-lgcc_s] ==> lib [gcc_s]
    arg [-lgcc] ==> lib [gcc]
    arg [-lc] ==> lib [c]
    arg [-lgcc_s] ==> lib [gcc_s]
    arg [-lgcc] ==> lib [gcc]
    arg [/usr/lib/gcc/x86_64-linux-gnu/5/crtend.o] ==> ignore
    arg [/usr/lib/gcc/x86_64-linux-gnu/5/../../../x86_64-linux-gnu/crtn.o] ==> ignore
  remove lib [gcc_s]
  remove lib [gcc]
  remove lib [gcc_s]
  remove lib [gcc]
  remove lib [gcc_s]
  remove lib [gcc]
  collapse library dir [/usr/lib/gcc/x86_64-linux-gnu/5] ==> [/usr/lib/gcc/x86_64-linux-gnu/5]
  collapse library dir [/usr/lib/gcc/x86_64-linux-gnu/5/../../../x86_64-linux-gnu] ==> [/usr/lib/x86_64-linux-gnu]
  collapse library dir [/usr/lib/gcc/x86_64-linux-gnu/5/../../../../lib] ==> [/usr/lib]
  collapse library dir [/lib/x86_64-linux-gnu] ==> [/lib/x86_64-linux-gnu]
  collapse library dir [/lib/../lib] ==> [/lib]
  collapse library dir [/usr/lib/x86_64-linux-gnu] ==> [/usr/lib/x86_64-linux-gnu]
  collapse library dir [/usr/lib/../lib] ==> [/usr/lib]
  collapse library dir [/usr/lib/gcc/x86_64-linux-gnu/5/../../..] ==> [/usr/lib]
  implicit libs: [gfortran;m;quadmath;m;c]
  implicit dirs: [/usr/lib/gcc/x86_64-linux-gnu/5;/usr/lib/x86_64-linux-gnu;/usr/lib;/lib/x86_64-linux-gnu;/lib]
  implicit fwks: []


Determining if the Fortran compiler supports Fortran 90 passed with the following output:
Change Dir: /home/tapgar/eigen/build/CMakeFiles/CMakeTmp

Run Build Command:"/usr/bin/make" "cmTC_96ac8/fast"
/usr/bin/make -f CMakeFiles/cmTC_96ac8.dir/build.make CMakeFiles/cmTC_96ac8.dir/build
make[1]: Entering directory '/home/tapgar/eigen/build/CMakeFiles/CMakeTmp'
Building Fortran object CMakeFiles/cmTC_96ac8.dir/testFortranCompilerF90.f90.o
/usr/bin/gfortran     -c /home/tapgar/eigen/build/CMakeFiles/CMakeTmp/testFortranCompilerF90.f90 -o CMakeFiles/cmTC_96ac8.dir/testFortranCompilerF90.f90.o
Linking Fortran executable cmTC_96ac8
/usr/bin/cmake -E cmake_link_script CMakeFiles/cmTC_96ac8.dir/link.txt --verbose=1
/usr/bin/gfortran       CMakeFiles/cmTC_96ac8.dir/testFortranCompilerF90.f90.o  -o cmTC_96ac8  
make[1]: Leaving directory '/home/tapgar/eigen/build/CMakeFiles/CMakeTmp'


Performing C++ SOURCE FILE Test COMPILER_SUPPORT_FASTMATH succeeded with the following output:
Change Dir: /home/tapgar/eigen/build/CMakeFiles/CMakeTmp

Run Build Command:"/usr/bin/make" "cmTC_16aa8/fast"
/usr/bin/make -f CMakeFiles/cmTC_16aa8.dir/build.make CMakeFiles/cmTC_16aa8.dir/build
make[1]: Entering directory '/home/tapgar/eigen/build/CMakeFiles/CMakeTmp'
Building CXX object CMakeFiles/cmTC_16aa8.dir/src.cxx.o
/usr/bin/c++     -pedantic -Wall -Wextra -Wundef -Wcast-align -Wchar-subscripts -Wnon-virtual-dtor -Wunused-local-typedefs -Wpointer-arith -Wwrite-strings -Wformat-security -Wlogical-op -Wdouble-promotion -Wno-psabi -Wno-variadic-macros -Wno-long-long -fno-check-new -fno-common -fstrict-aliasing -ansi -DCOMPILER_SUPPORT_FASTMATH   -ffast-math -o CMakeFiles/cmTC_16aa8.dir/src.cxx.o -c /home/tapgar/eigen/build/CMakeFiles/CMakeTmp/src.cxx
Linking CXX executable cmTC_16aa8
/usr/bin/cmake -E cmake_link_script CMakeFiles/cmTC_16aa8.dir/link.txt --verbose=1
/usr/bin/c++    -pedantic -Wall -Wextra -Wundef -Wcast-align -Wchar-subscripts -Wnon-virtual-dtor -Wunused-local-typedefs -Wpointer-arith -Wwrite-strings -Wformat-security -Wlogical-op -Wdouble-promotion -Wno-psabi -Wno-variadic-macros -Wno-long-long -fno-check-new -fno-common -fstrict-aliasing -ansi -DCOMPILER_SUPPORT_FASTMATH    CMakeFiles/cmTC_16aa8.dir/src.cxx.o  -o cmTC_16aa8 -rdynamic 
make[1]: Leaving directory '/home/tapgar/eigen/build/CMakeFiles/CMakeTmp'

Source file was:
int main() { return 0; }
Determining if the include file pthread.h exists passed with the following output:
Change Dir: /home/tapgar/eigen/build/CMakeFiles/CMakeTmp

Run Build Command:"/usr/bin/make" "cmTC_c4710/fast"
/usr/bin/make -f CMakeFiles/cmTC_c4710.dir/build.make CMakeFiles/cmTC_c4710.dir/build
make[1]: Entering directory '/home/tapgar/eigen/build/CMakeFiles/CMakeTmp'
Building C object CMakeFiles/cmTC_c4710.dir/CheckIncludeFile.c.o
/usr/bin/cc     -o CMakeFiles/cmTC_c4710.dir/CheckIncludeFile.c.o   -c /home/tapgar/eigen/build/CMakeFiles/CMakeTmp/CheckIncludeFile.c
Linking C executable cmTC_c4710
/usr/bin/cmake -E cmake_link_script CMakeFiles/cmTC_c4710.dir/link.txt --verbose=1
/usr/bin/cc       CMakeFiles/cmTC_c4710.dir/CheckIncludeFile.c.o  -o cmTC_c4710 -rdynamic 
make[1]: Leaving directory '/home/tapgar/eigen/build/CMakeFiles/CMakeTmp'


Determining if the function pthread_create exists in the pthread passed with the following output:
Change Dir: /home/tapgar/eigen/build/CMakeFiles/CMakeTmp

Run Build Command:"/usr/bin/make" "cmTC_8a657/fast"
/usr/bin/make -f CMakeFiles/cmTC_8a657.dir/build.make CMakeFiles/cmTC_8a657.dir/build
make[1]: Entering directory '/home/tapgar/eigen/build/CMakeFiles/CMakeTmp'
Building C object CMakeFiles/cmTC_8a657.dir/CheckFunctionExists.c.o
/usr/bin/cc    -DCHECK_FUNCTION_EXISTS=pthread_create   -o CMakeFiles/cmTC_8a657.dir/CheckFunctionExists.c.o   -c /usr/share/cmake-3.5/Modules/CheckFunctionExists.c
Linking C executable cmTC_8a657
/usr/bin/cmake -E cmake_link_script CMakeFiles/cmTC_8a657.dir/link.txt --verbose=1
/usr/bin/cc   -DCHECK_FUNCTION_EXISTS=pthread_create    CMakeFiles/cmTC_8a657.dir/CheckFunctionExists.c.o  -o cmTC_8a657 -rdynamic -lpthread 
make[1]: Leaving directory '/home/tapgar/eigen/build/CMakeFiles/CMakeTmp'


